<?xml version="1.0" encoding="UTF-8"?>
<testsuite xmlns:xsi="http://www.w3.org/2001/XMLSchema-instance" xsi:noNamespaceSchemaLocation="https://maven.apache.org/surefire/maven-surefire-plugin/xsd/surefire-test-report-3.0.xsd" version="3.0" name="com.buffettinc.hrms.HrmsApplicationTests" time="3.828" tests="1" errors="0" skipped="0" failures="0">
  <properties>
    <property name="java.specification.version" value="20"/>
    <property name="sun.jnu.encoding" value="UTF-8"/>
    <property name="java.class.path" value="/Users/lincolnquick/Documents/GitHub/hrms/target/test-classes:/Users/lincolnquick/Documents/GitHub/hrms/target/classes:/Users/lincolnquick/.m2/repository/org/springframework/boot/spring-boot-starter-security/3.1.1/spring-boot-starter-security-3.1.1.jar:/Users/lincolnquick/.m2/repository/org/springframework/boot/spring-boot-starter/3.1.1/spring-boot-starter-3.1.1.jar:/Users/lincolnquick/.m2/repository/org/springframework/boot/spring-boot-starter-logging/3.1.1/spring-boot-starter-logging-3.1.1.jar:/Users/lincolnquick/.m2/repository/ch/qos/logback/logback-classic/1.4.8/logback-classic-1.4.8.jar:/Users/lincolnquick/.m2/repository/ch/qos/logback/logback-core/1.4.8/logback-core-1.4.8.jar:/Users/lincolnquick/.m2/repository/org/apache/logging/log4j/log4j-to-slf4j/2.20.0/log4j-to-slf4j-2.20.0.jar:/Users/lincolnquick/.m2/repository/org/apache/logging/log4j/log4j-api/2.20.0/log4j-api-2.20.0.jar:/Users/lincolnquick/.m2/repository/org/slf4j/jul-to-slf4j/2.0.7/jul-to-slf4j-2.0.7.jar:/Users/lincolnquick/.m2/repository/org/yaml/snakeyaml/1.33/snakeyaml-1.33.jar:/Users/lincolnquick/.m2/repository/org/springframework/spring-aop/6.0.10/spring-aop-6.0.10.jar:/Users/lincolnquick/.m2/repository/org/springframework/security/spring-security-core/6.0.2/spring-security-core-6.0.2.jar:/Users/lincolnquick/.m2/repository/org/springframework/security/spring-security-crypto/6.1.1/spring-security-crypto-6.1.1.jar:/Users/lincolnquick/.m2/repository/org/springframework/spring-beans/6.0.10/spring-beans-6.0.10.jar:/Users/lincolnquick/.m2/repository/org/springframework/spring-context/6.0.10/spring-context-6.0.10.jar:/Users/lincolnquick/.m2/repository/org/springframework/spring-core/6.0.10/spring-core-6.0.10.jar:/Users/lincolnquick/.m2/repository/org/springframework/spring-jcl/6.0.10/spring-jcl-6.0.10.jar:/Users/lincolnquick/.m2/repository/org/springframework/spring-expression/6.0.10/spring-expression-6.0.10.jar:/Users/lincolnquick/.m2/repository/io/micrometer/micrometer-observation/1.11.1/micrometer-observation-1.11.1.jar:/Users/lincolnquick/.m2/repository/io/micrometer/micrometer-commons/1.11.1/micrometer-commons-1.11.1.jar:/Users/lincolnquick/.m2/repository/org/springframework/security/spring-security-web/6.1.0/spring-security-web-6.1.0.jar:/Users/lincolnquick/.m2/repository/org/springframework/spring-web/6.0.10/spring-web-6.0.10.jar:/Users/lincolnquick/.m2/repository/org/thymeleaf/extras/thymeleaf-extras-springsecurity5/3.1.1.RELEASE/thymeleaf-extras-springsecurity5-3.1.1.RELEASE.jar:/Users/lincolnquick/.m2/repository/org/thymeleaf/thymeleaf-spring5/3.1.1.RELEASE/thymeleaf-spring5-3.1.1.RELEASE.jar:/Users/lincolnquick/.m2/repository/org/thymeleaf/thymeleaf/3.1.1.RELEASE/thymeleaf-3.1.1.RELEASE.jar:/Users/lincolnquick/.m2/repository/org/attoparser/attoparser/2.0.6.RELEASE/attoparser-2.0.6.RELEASE.jar:/Users/lincolnquick/.m2/repository/org/unbescape/unbescape/1.1.6.RELEASE/unbescape-1.1.6.RELEASE.jar:/Users/lincolnquick/.m2/repository/org/slf4j/slf4j-api/2.0.7/slf4j-api-2.0.7.jar:/Users/lincolnquick/.m2/repository/org/springframework/security/spring-security-config/6.0.2/spring-security-config-6.0.2.jar:/Users/lincolnquick/.m2/repository/org/springframework/boot/spring-boot-starter-data-jpa/3.1.1/spring-boot-starter-data-jpa-3.1.1.jar:/Users/lincolnquick/.m2/repository/org/springframework/boot/spring-boot-starter-aop/3.1.1/spring-boot-starter-aop-3.1.1.jar:/Users/lincolnquick/.m2/repository/org/aspectj/aspectjweaver/1.9.19/aspectjweaver-1.9.19.jar:/Users/lincolnquick/.m2/repository/org/springframework/boot/spring-boot-starter-jdbc/3.1.1/spring-boot-starter-jdbc-3.1.1.jar:/Users/lincolnquick/.m2/repository/com/zaxxer/HikariCP/5.0.1/HikariCP-5.0.1.jar:/Users/lincolnquick/.m2/repository/org/springframework/spring-jdbc/6.0.10/spring-jdbc-6.0.10.jar:/Users/lincolnquick/.m2/repository/org/hibernate/orm/hibernate-core/6.2.5.Final/hibernate-core-6.2.5.Final.jar:/Users/lincolnquick/.m2/repository/jakarta/persistence/jakarta.persistence-api/3.1.0/jakarta.persistence-api-3.1.0.jar:/Users/lincolnquick/.m2/repository/jakarta/transaction/jakarta.transaction-api/2.0.1/jakarta.transaction-api-2.0.1.jar:/Users/lincolnquick/.m2/repository/org/jboss/logging/jboss-logging/3.5.1.Final/jboss-logging-3.5.1.Final.jar:/Users/lincolnquick/.m2/repository/org/hibernate/common/hibernate-commons-annotations/6.0.6.Final/hibernate-commons-annotations-6.0.6.Final.jar:/Users/lincolnquick/.m2/repository/io/smallrye/jandex/3.0.5/jandex-3.0.5.jar:/Users/lincolnquick/.m2/repository/com/fasterxml/classmate/1.5.1/classmate-1.5.1.jar:/Users/lincolnquick/.m2/repository/net/bytebuddy/byte-buddy/1.14.5/byte-buddy-1.14.5.jar:/Users/lincolnquick/.m2/repository/org/glassfish/jaxb/jaxb-runtime/4.0.3/jaxb-runtime-4.0.3.jar:/Users/lincolnquick/.m2/repository/org/glassfish/jaxb/jaxb-core/4.0.3/jaxb-core-4.0.3.jar:/Users/lincolnquick/.m2/repository/org/eclipse/angus/angus-activation/2.0.1/angus-activation-2.0.1.jar:/Users/lincolnquick/.m2/repository/org/glassfish/jaxb/txw2/4.0.3/txw2-4.0.3.jar:/Users/lincolnquick/.m2/repository/com/sun/istack/istack-commons-runtime/4.1.2/istack-commons-runtime-4.1.2.jar:/Users/lincolnquick/.m2/repository/org/springframework/spring-aspects/6.0.10/spring-aspects-6.0.10.jar:/Users/lincolnquick/.m2/repository/org/springframework/boot/spring-boot-starter-thymeleaf/3.1.1/spring-boot-starter-thymeleaf-3.1.1.jar:/Users/lincolnquick/.m2/repository/org/thymeleaf/thymeleaf-spring6/3.1.1.RELEASE/thymeleaf-spring6-3.1.1.RELEASE.jar:/Users/lincolnquick/.m2/repository/org/springframework/boot/spring-boot-starter-web/3.1.1/spring-boot-starter-web-3.1.1.jar:/Users/lincolnquick/.m2/repository/org/springframework/boot/spring-boot-starter-json/3.1.1/spring-boot-starter-json-3.1.1.jar:/Users/lincolnquick/.m2/repository/com/fasterxml/jackson/core/jackson-databind/2.15.2/jackson-databind-2.15.2.jar:/Users/lincolnquick/.m2/repository/com/fasterxml/jackson/core/jackson-annotations/2.15.2/jackson-annotations-2.15.2.jar:/Users/lincolnquick/.m2/repository/com/fasterxml/jackson/core/jackson-core/2.15.2/jackson-core-2.15.2.jar:/Users/lincolnquick/.m2/repository/com/fasterxml/jackson/datatype/jackson-datatype-jdk8/2.15.2/jackson-datatype-jdk8-2.15.2.jar:/Users/lincolnquick/.m2/repository/com/fasterxml/jackson/datatype/jackson-datatype-jsr310/2.15.2/jackson-datatype-jsr310-2.15.2.jar:/Users/lincolnquick/.m2/repository/com/fasterxml/jackson/module/jackson-module-parameter-names/2.15.2/jackson-module-parameter-names-2.15.2.jar:/Users/lincolnquick/.m2/repository/org/springframework/boot/spring-boot-starter-tomcat/3.1.1/spring-boot-starter-tomcat-3.1.1.jar:/Users/lincolnquick/.m2/repository/org/apache/tomcat/embed/tomcat-embed-core/10.1.10/tomcat-embed-core-10.1.10.jar:/Users/lincolnquick/.m2/repository/org/apache/tomcat/embed/tomcat-embed-el/10.1.10/tomcat-embed-el-10.1.10.jar:/Users/lincolnquick/.m2/repository/org/apache/tomcat/embed/tomcat-embed-websocket/10.1.10/tomcat-embed-websocket-10.1.10.jar:/Users/lincolnquick/.m2/repository/org/springframework/spring-webmvc/6.0.10/spring-webmvc-6.0.10.jar:/Users/lincolnquick/.m2/repository/org/springframework/boot/spring-boot-devtools/3.1.1/spring-boot-devtools-3.1.1.jar:/Users/lincolnquick/.m2/repository/org/springframework/boot/spring-boot-autoconfigure/3.1.1/spring-boot-autoconfigure-3.1.1.jar:/Users/lincolnquick/.m2/repository/com/mysql/mysql-connector-j/8.0.33/mysql-connector-j-8.0.33.jar:/Users/lincolnquick/.m2/repository/org/springframework/boot/spring-boot-starter-test/3.1.1/spring-boot-starter-test-3.1.1.jar:/Users/lincolnquick/.m2/repository/org/springframework/boot/spring-boot-test/3.1.1/spring-boot-test-3.1.1.jar:/Users/lincolnquick/.m2/repository/org/springframework/boot/spring-boot-test-autoconfigure/3.1.1/spring-boot-test-autoconfigure-3.1.1.jar:/Users/lincolnquick/.m2/repository/com/jayway/jsonpath/json-path/2.8.0/json-path-2.8.0.jar:/Users/lincolnquick/.m2/repository/jakarta/xml/bind/jakarta.xml.bind-api/4.0.0/jakarta.xml.bind-api-4.0.0.jar:/Users/lincolnquick/.m2/repository/jakarta/activation/jakarta.activation-api/2.1.2/jakarta.activation-api-2.1.2.jar:/Users/lincolnquick/.m2/repository/net/minidev/json-smart/2.4.11/json-smart-2.4.11.jar:/Users/lincolnquick/.m2/repository/net/minidev/accessors-smart/2.4.11/accessors-smart-2.4.11.jar:/Users/lincolnquick/.m2/repository/org/ow2/asm/asm/9.3/asm-9.3.jar:/Users/lincolnquick/.m2/repository/org/assertj/assertj-core/3.24.2/assertj-core-3.24.2.jar:/Users/lincolnquick/.m2/repository/org/hamcrest/hamcrest/2.2/hamcrest-2.2.jar:/Users/lincolnquick/.m2/repository/org/junit/jupiter/junit-jupiter/5.9.3/junit-jupiter-5.9.3.jar:/Users/lincolnquick/.m2/repository/org/junit/jupiter/junit-jupiter-params/5.9.3/junit-jupiter-params-5.9.3.jar:/Users/lincolnquick/.m2/repository/org/mockito/mockito-core/5.3.1/mockito-core-5.3.1.jar:/Users/lincolnquick/.m2/repository/net/bytebuddy/byte-buddy-agent/1.14.5/byte-buddy-agent-1.14.5.jar:/Users/lincolnquick/.m2/repository/org/objenesis/objenesis/3.3/objenesis-3.3.jar:/Users/lincolnquick/.m2/repository/org/mockito/mockito-junit-jupiter/5.3.1/mockito-junit-jupiter-5.3.1.jar:/Users/lincolnquick/.m2/repository/org/skyscreamer/jsonassert/1.5.1/jsonassert-1.5.1.jar:/Users/lincolnquick/.m2/repository/com/vaadin/external/google/android-json/0.0.20131108.vaadin1/android-json-0.0.20131108.vaadin1.jar:/Users/lincolnquick/.m2/repository/org/springframework/spring-test/6.0.10/spring-test-6.0.10.jar:/Users/lincolnquick/.m2/repository/org/xmlunit/xmlunit-core/2.9.1/xmlunit-core-2.9.1.jar:/Users/lincolnquick/.m2/repository/jakarta/inject/jakarta.inject-api/2.0.1/jakarta.inject-api-2.0.1.jar:/Users/lincolnquick/.m2/repository/org/junit/jupiter/junit-jupiter-api/5.9.3/junit-jupiter-api-5.9.3.jar:/Users/lincolnquick/.m2/repository/org/opentest4j/opentest4j/1.2.0/opentest4j-1.2.0.jar:/Users/lincolnquick/.m2/repository/org/junit/platform/junit-platform-commons/1.9.3/junit-platform-commons-1.9.3.jar:/Users/lincolnquick/.m2/repository/org/apiguardian/apiguardian-api/1.1.2/apiguardian-api-1.1.2.jar:/Users/lincolnquick/.m2/repository/org/junit/jupiter/junit-jupiter-engine/5.9.3/junit-jupiter-engine-5.9.3.jar:/Users/lincolnquick/.m2/repository/org/junit/platform/junit-platform-engine/1.9.3/junit-platform-engine-1.9.3.jar:/Users/lincolnquick/.m2/repository/org/springframework/boot/spring-boot-starter-actuator/3.1.1/spring-boot-starter-actuator-3.1.1.jar:/Users/lincolnquick/.m2/repository/org/springframework/boot/spring-boot-actuator-autoconfigure/3.1.1/spring-boot-actuator-autoconfigure-3.1.1.jar:/Users/lincolnquick/.m2/repository/org/springframework/boot/spring-boot-actuator/3.1.1/spring-boot-actuator-3.1.1.jar:/Users/lincolnquick/.m2/repository/io/micrometer/micrometer-core/1.11.1/micrometer-core-1.11.1.jar:/Users/lincolnquick/.m2/repository/org/hdrhistogram/HdrHistogram/2.1.12/HdrHistogram-2.1.12.jar:/Users/lincolnquick/.m2/repository/org/latencyutils/LatencyUtils/2.0.3/LatencyUtils-2.0.3.jar:/Users/lincolnquick/.m2/repository/org/springframework/data/spring-data-jpa/3.1.1/spring-data-jpa-3.1.1.jar:/Users/lincolnquick/.m2/repository/org/springframework/data/spring-data-commons/3.1.1/spring-data-commons-3.1.1.jar:/Users/lincolnquick/.m2/repository/org/springframework/spring-orm/6.0.10/spring-orm-6.0.10.jar:/Users/lincolnquick/.m2/repository/org/springframework/spring-tx/6.0.10/spring-tx-6.0.10.jar:/Users/lincolnquick/.m2/repository/org/antlr/antlr4-runtime/4.10.1/antlr4-runtime-4.10.1.jar:/Users/lincolnquick/.m2/repository/jakarta/annotation/jakarta.annotation-api/2.1.1/jakarta.annotation-api-2.1.1.jar:/Users/lincolnquick/.m2/repository/org/springframework/boot/spring-boot/3.1.1/spring-boot-3.1.1.jar:"/>
    <property name="java.vm.vendor" value="Homebrew"/>
    <property name="sun.arch.data.model" value="64"/>
    <property name="java.vendor.url" value="https://github.com/Homebrew/homebrew-core/issues"/>
    <property name="user.timezone" value="America/New_York"/>
    <property name="org.jboss.logging.provider" value="slf4j"/>
    <property name="os.name" value="Mac OS X"/>
    <property name="java.vm.specification.version" value="20"/>
    <property name="sun.java.launcher" value="SUN_STANDARD"/>
    <property name="user.country" value="US"/>
    <property name="sun.boot.library.path" value="/opt/homebrew/Cellar/openjdk/20.0.1/libexec/openjdk.jdk/Contents/Home/lib"/>
    <property name="sun.java.command" value="/Users/lincolnquick/Documents/GitHub/hrms/target/surefire/surefirebooter-20230720194938822_3.jar /Users/lincolnquick/Documents/GitHub/hrms/target/surefire 2023-07-20T19-49-38_774-jvmRun1 surefire-20230720194938822_1tmp surefire_0-20230720194938822_2tmp"/>
    <property name="http.nonProxyHosts" value="local|*.local|169.254/16|*.169.254/16"/>
    <property name="jdk.debug" value="release"/>
    <property name="surefire.test.class.path" value="/Users/lincolnquick/Documents/GitHub/hrms/target/test-classes:/Users/lincolnquick/Documents/GitHub/hrms/target/classes:/Users/lincolnquick/.m2/repository/org/springframework/boot/spring-boot-starter-security/3.1.1/spring-boot-starter-security-3.1.1.jar:/Users/lincolnquick/.m2/repository/org/springframework/boot/spring-boot-starter/3.1.1/spring-boot-starter-3.1.1.jar:/Users/lincolnquick/.m2/repository/org/springframework/boot/spring-boot-starter-logging/3.1.1/spring-boot-starter-logging-3.1.1.jar:/Users/lincolnquick/.m2/repository/ch/qos/logback/logback-classic/1.4.8/logback-classic-1.4.8.jar:/Users/lincolnquick/.m2/repository/ch/qos/logback/logback-core/1.4.8/logback-core-1.4.8.jar:/Users/lincolnquick/.m2/repository/org/apache/logging/log4j/log4j-to-slf4j/2.20.0/log4j-to-slf4j-2.20.0.jar:/Users/lincolnquick/.m2/repository/org/apache/logging/log4j/log4j-api/2.20.0/log4j-api-2.20.0.jar:/Users/lincolnquick/.m2/repository/org/slf4j/jul-to-slf4j/2.0.7/jul-to-slf4j-2.0.7.jar:/Users/lincolnquick/.m2/repository/org/yaml/snakeyaml/1.33/snakeyaml-1.33.jar:/Users/lincolnquick/.m2/repository/org/springframework/spring-aop/6.0.10/spring-aop-6.0.10.jar:/Users/lincolnquick/.m2/repository/org/springframework/security/spring-security-core/6.0.2/spring-security-core-6.0.2.jar:/Users/lincolnquick/.m2/repository/org/springframework/security/spring-security-crypto/6.1.1/spring-security-crypto-6.1.1.jar:/Users/lincolnquick/.m2/repository/org/springframework/spring-beans/6.0.10/spring-beans-6.0.10.jar:/Users/lincolnquick/.m2/repository/org/springframework/spring-context/6.0.10/spring-context-6.0.10.jar:/Users/lincolnquick/.m2/repository/org/springframework/spring-core/6.0.10/spring-core-6.0.10.jar:/Users/lincolnquick/.m2/repository/org/springframework/spring-jcl/6.0.10/spring-jcl-6.0.10.jar:/Users/lincolnquick/.m2/repository/org/springframework/spring-expression/6.0.10/spring-expression-6.0.10.jar:/Users/lincolnquick/.m2/repository/io/micrometer/micrometer-observation/1.11.1/micrometer-observation-1.11.1.jar:/Users/lincolnquick/.m2/repository/io/micrometer/micrometer-commons/1.11.1/micrometer-commons-1.11.1.jar:/Users/lincolnquick/.m2/repository/org/springframework/security/spring-security-web/6.1.0/spring-security-web-6.1.0.jar:/Users/lincolnquick/.m2/repository/org/springframework/spring-web/6.0.10/spring-web-6.0.10.jar:/Users/lincolnquick/.m2/repository/org/thymeleaf/extras/thymeleaf-extras-springsecurity5/3.1.1.RELEASE/thymeleaf-extras-springsecurity5-3.1.1.RELEASE.jar:/Users/lincolnquick/.m2/repository/org/thymeleaf/thymeleaf-spring5/3.1.1.RELEASE/thymeleaf-spring5-3.1.1.RELEASE.jar:/Users/lincolnquick/.m2/repository/org/thymeleaf/thymeleaf/3.1.1.RELEASE/thymeleaf-3.1.1.RELEASE.jar:/Users/lincolnquick/.m2/repository/org/attoparser/attoparser/2.0.6.RELEASE/attoparser-2.0.6.RELEASE.jar:/Users/lincolnquick/.m2/repository/org/unbescape/unbescape/1.1.6.RELEASE/unbescape-1.1.6.RELEASE.jar:/Users/lincolnquick/.m2/repository/org/slf4j/slf4j-api/2.0.7/slf4j-api-2.0.7.jar:/Users/lincolnquick/.m2/repository/org/springframework/security/spring-security-config/6.0.2/spring-security-config-6.0.2.jar:/Users/lincolnquick/.m2/repository/org/springframework/boot/spring-boot-starter-data-jpa/3.1.1/spring-boot-starter-data-jpa-3.1.1.jar:/Users/lincolnquick/.m2/repository/org/springframework/boot/spring-boot-starter-aop/3.1.1/spring-boot-starter-aop-3.1.1.jar:/Users/lincolnquick/.m2/repository/org/aspectj/aspectjweaver/1.9.19/aspectjweaver-1.9.19.jar:/Users/lincolnquick/.m2/repository/org/springframework/boot/spring-boot-starter-jdbc/3.1.1/spring-boot-starter-jdbc-3.1.1.jar:/Users/lincolnquick/.m2/repository/com/zaxxer/HikariCP/5.0.1/HikariCP-5.0.1.jar:/Users/lincolnquick/.m2/repository/org/springframework/spring-jdbc/6.0.10/spring-jdbc-6.0.10.jar:/Users/lincolnquick/.m2/repository/org/hibernate/orm/hibernate-core/6.2.5.Final/hibernate-core-6.2.5.Final.jar:/Users/lincolnquick/.m2/repository/jakarta/persistence/jakarta.persistence-api/3.1.0/jakarta.persistence-api-3.1.0.jar:/Users/lincolnquick/.m2/repository/jakarta/transaction/jakarta.transaction-api/2.0.1/jakarta.transaction-api-2.0.1.jar:/Users/lincolnquick/.m2/repository/org/jboss/logging/jboss-logging/3.5.1.Final/jboss-logging-3.5.1.Final.jar:/Users/lincolnquick/.m2/repository/org/hibernate/common/hibernate-commons-annotations/6.0.6.Final/hibernate-commons-annotations-6.0.6.Final.jar:/Users/lincolnquick/.m2/repository/io/smallrye/jandex/3.0.5/jandex-3.0.5.jar:/Users/lincolnquick/.m2/repository/com/fasterxml/classmate/1.5.1/classmate-1.5.1.jar:/Users/lincolnquick/.m2/repository/net/bytebuddy/byte-buddy/1.14.5/byte-buddy-1.14.5.jar:/Users/lincolnquick/.m2/repository/org/glassfish/jaxb/jaxb-runtime/4.0.3/jaxb-runtime-4.0.3.jar:/Users/lincolnquick/.m2/repository/org/glassfish/jaxb/jaxb-core/4.0.3/jaxb-core-4.0.3.jar:/Users/lincolnquick/.m2/repository/org/eclipse/angus/angus-activation/2.0.1/angus-activation-2.0.1.jar:/Users/lincolnquick/.m2/repository/org/glassfish/jaxb/txw2/4.0.3/txw2-4.0.3.jar:/Users/lincolnquick/.m2/repository/com/sun/istack/istack-commons-runtime/4.1.2/istack-commons-runtime-4.1.2.jar:/Users/lincolnquick/.m2/repository/org/springframework/spring-aspects/6.0.10/spring-aspects-6.0.10.jar:/Users/lincolnquick/.m2/repository/org/springframework/boot/spring-boot-starter-thymeleaf/3.1.1/spring-boot-starter-thymeleaf-3.1.1.jar:/Users/lincolnquick/.m2/repository/org/thymeleaf/thymeleaf-spring6/3.1.1.RELEASE/thymeleaf-spring6-3.1.1.RELEASE.jar:/Users/lincolnquick/.m2/repository/org/springframework/boot/spring-boot-starter-web/3.1.1/spring-boot-starter-web-3.1.1.jar:/Users/lincolnquick/.m2/repository/org/springframework/boot/spring-boot-starter-json/3.1.1/spring-boot-starter-json-3.1.1.jar:/Users/lincolnquick/.m2/repository/com/fasterxml/jackson/core/jackson-databind/2.15.2/jackson-databind-2.15.2.jar:/Users/lincolnquick/.m2/repository/com/fasterxml/jackson/core/jackson-annotations/2.15.2/jackson-annotations-2.15.2.jar:/Users/lincolnquick/.m2/repository/com/fasterxml/jackson/core/jackson-core/2.15.2/jackson-core-2.15.2.jar:/Users/lincolnquick/.m2/repository/com/fasterxml/jackson/datatype/jackson-datatype-jdk8/2.15.2/jackson-datatype-jdk8-2.15.2.jar:/Users/lincolnquick/.m2/repository/com/fasterxml/jackson/datatype/jackson-datatype-jsr310/2.15.2/jackson-datatype-jsr310-2.15.2.jar:/Users/lincolnquick/.m2/repository/com/fasterxml/jackson/module/jackson-module-parameter-names/2.15.2/jackson-module-parameter-names-2.15.2.jar:/Users/lincolnquick/.m2/repository/org/springframework/boot/spring-boot-starter-tomcat/3.1.1/spring-boot-starter-tomcat-3.1.1.jar:/Users/lincolnquick/.m2/repository/org/apache/tomcat/embed/tomcat-embed-core/10.1.10/tomcat-embed-core-10.1.10.jar:/Users/lincolnquick/.m2/repository/org/apache/tomcat/embed/tomcat-embed-el/10.1.10/tomcat-embed-el-10.1.10.jar:/Users/lincolnquick/.m2/repository/org/apache/tomcat/embed/tomcat-embed-websocket/10.1.10/tomcat-embed-websocket-10.1.10.jar:/Users/lincolnquick/.m2/repository/org/springframework/spring-webmvc/6.0.10/spring-webmvc-6.0.10.jar:/Users/lincolnquick/.m2/repository/org/springframework/boot/spring-boot-devtools/3.1.1/spring-boot-devtools-3.1.1.jar:/Users/lincolnquick/.m2/repository/org/springframework/boot/spring-boot-autoconfigure/3.1.1/spring-boot-autoconfigure-3.1.1.jar:/Users/lincolnquick/.m2/repository/com/mysql/mysql-connector-j/8.0.33/mysql-connector-j-8.0.33.jar:/Users/lincolnquick/.m2/repository/org/springframework/boot/spring-boot-starter-test/3.1.1/spring-boot-starter-test-3.1.1.jar:/Users/lincolnquick/.m2/repository/org/springframework/boot/spring-boot-test/3.1.1/spring-boot-test-3.1.1.jar:/Users/lincolnquick/.m2/repository/org/springframework/boot/spring-boot-test-autoconfigure/3.1.1/spring-boot-test-autoconfigure-3.1.1.jar:/Users/lincolnquick/.m2/repository/com/jayway/jsonpath/json-path/2.8.0/json-path-2.8.0.jar:/Users/lincolnquick/.m2/repository/jakarta/xml/bind/jakarta.xml.bind-api/4.0.0/jakarta.xml.bind-api-4.0.0.jar:/Users/lincolnquick/.m2/repository/jakarta/activation/jakarta.activation-api/2.1.2/jakarta.activation-api-2.1.2.jar:/Users/lincolnquick/.m2/repository/net/minidev/json-smart/2.4.11/json-smart-2.4.11.jar:/Users/lincolnquick/.m2/repository/net/minidev/accessors-smart/2.4.11/accessors-smart-2.4.11.jar:/Users/lincolnquick/.m2/repository/org/ow2/asm/asm/9.3/asm-9.3.jar:/Users/lincolnquick/.m2/repository/org/assertj/assertj-core/3.24.2/assertj-core-3.24.2.jar:/Users/lincolnquick/.m2/repository/org/hamcrest/hamcrest/2.2/hamcrest-2.2.jar:/Users/lincolnquick/.m2/repository/org/junit/jupiter/junit-jupiter/5.9.3/junit-jupiter-5.9.3.jar:/Users/lincolnquick/.m2/repository/org/junit/jupiter/junit-jupiter-params/5.9.3/junit-jupiter-params-5.9.3.jar:/Users/lincolnquick/.m2/repository/org/mockito/mockito-core/5.3.1/mockito-core-5.3.1.jar:/Users/lincolnquick/.m2/repository/net/bytebuddy/byte-buddy-agent/1.14.5/byte-buddy-agent-1.14.5.jar:/Users/lincolnquick/.m2/repository/org/objenesis/objenesis/3.3/objenesis-3.3.jar:/Users/lincolnquick/.m2/repository/org/mockito/mockito-junit-jupiter/5.3.1/mockito-junit-jupiter-5.3.1.jar:/Users/lincolnquick/.m2/repository/org/skyscreamer/jsonassert/1.5.1/jsonassert-1.5.1.jar:/Users/lincolnquick/.m2/repository/com/vaadin/external/google/android-json/0.0.20131108.vaadin1/android-json-0.0.20131108.vaadin1.jar:/Users/lincolnquick/.m2/repository/org/springframework/spring-test/6.0.10/spring-test-6.0.10.jar:/Users/lincolnquick/.m2/repository/org/xmlunit/xmlunit-core/2.9.1/xmlunit-core-2.9.1.jar:/Users/lincolnquick/.m2/repository/jakarta/inject/jakarta.inject-api/2.0.1/jakarta.inject-api-2.0.1.jar:/Users/lincolnquick/.m2/repository/org/junit/jupiter/junit-jupiter-api/5.9.3/junit-jupiter-api-5.9.3.jar:/Users/lincolnquick/.m2/repository/org/opentest4j/opentest4j/1.2.0/opentest4j-1.2.0.jar:/Users/lincolnquick/.m2/repository/org/junit/platform/junit-platform-commons/1.9.3/junit-platform-commons-1.9.3.jar:/Users/lincolnquick/.m2/repository/org/apiguardian/apiguardian-api/1.1.2/apiguardian-api-1.1.2.jar:/Users/lincolnquick/.m2/repository/org/junit/jupiter/junit-jupiter-engine/5.9.3/junit-jupiter-engine-5.9.3.jar:/Users/lincolnquick/.m2/repository/org/junit/platform/junit-platform-engine/1.9.3/junit-platform-engine-1.9.3.jar:/Users/lincolnquick/.m2/repository/org/springframework/boot/spring-boot-starter-actuator/3.1.1/spring-boot-starter-actuator-3.1.1.jar:/Users/lincolnquick/.m2/repository/org/springframework/boot/spring-boot-actuator-autoconfigure/3.1.1/spring-boot-actuator-autoconfigure-3.1.1.jar:/Users/lincolnquick/.m2/repository/org/springframework/boot/spring-boot-actuator/3.1.1/spring-boot-actuator-3.1.1.jar:/Users/lincolnquick/.m2/repository/io/micrometer/micrometer-core/1.11.1/micrometer-core-1.11.1.jar:/Users/lincolnquick/.m2/repository/org/hdrhistogram/HdrHistogram/2.1.12/HdrHistogram-2.1.12.jar:/Users/lincolnquick/.m2/repository/org/latencyutils/LatencyUtils/2.0.3/LatencyUtils-2.0.3.jar:/Users/lincolnquick/.m2/repository/org/springframework/data/spring-data-jpa/3.1.1/spring-data-jpa-3.1.1.jar:/Users/lincolnquick/.m2/repository/org/springframework/data/spring-data-commons/3.1.1/spring-data-commons-3.1.1.jar:/Users/lincolnquick/.m2/repository/org/springframework/spring-orm/6.0.10/spring-orm-6.0.10.jar:/Users/lincolnquick/.m2/repository/org/springframework/spring-tx/6.0.10/spring-tx-6.0.10.jar:/Users/lincolnquick/.m2/repository/org/antlr/antlr4-runtime/4.10.1/antlr4-runtime-4.10.1.jar:/Users/lincolnquick/.m2/repository/jakarta/annotation/jakarta.annotation-api/2.1.1/jakarta.annotation-api-2.1.1.jar:/Users/lincolnquick/.m2/repository/org/springframework/boot/spring-boot/3.1.1/spring-boot-3.1.1.jar:"/>
    <property name="sun.cpu.endian" value="little"/>
    <property name="user.home" value="/Users/lincolnquick"/>
    <property name="user.language" value="en"/>
    <property name="java.specification.vendor" value="Oracle Corporation"/>
    <property name="java.version.date" value="2023-04-18"/>
    <property name="java.home" value="/opt/homebrew/Cellar/openjdk/20.0.1/libexec/openjdk.jdk/Contents/Home"/>
    <property name="file.separator" value="/"/>
    <property name="basedir" value="/Users/lincolnquick/Documents/GitHub/hrms"/>
    <property name="java.vm.compressedOopsMode" value="Zero based"/>
    <property name="line.separator" value="&#10;"/>
    <property name="java.vm.specification.vendor" value="Oracle Corporation"/>
    <property name="java.specification.name" value="Java Platform API Specification"/>
    <property name="FILE_LOG_CHARSET" value="UTF-8"/>
    <property name="java.awt.headless" value="true"/>
    <property name="apple.awt.application.name" value="ForkedBooter"/>
    <property name="surefire.real.class.path" value="/Users/lincolnquick/Documents/GitHub/hrms/target/surefire/surefirebooter-20230720194938822_3.jar"/>
    <property name="sun.management.compiler" value="HotSpot 64-Bit Tiered Compilers"/>
    <property name="ftp.nonProxyHosts" value="local|*.local|169.254/16|*.169.254/16"/>
    <property name="java.runtime.version" value="20.0.1"/>
    <property name="user.name" value="lincolnquick"/>
    <property name="stdout.encoding" value="UTF-8"/>
    <property name="path.separator" value=":"/>
    <property name="os.version" value="13.4.1"/>
    <property name="java.runtime.name" value="OpenJDK Runtime Environment"/>
    <property name="file.encoding" value="UTF-8"/>
    <property name="java.vm.name" value="OpenJDK 64-Bit Server VM"/>
    <property name="java.vendor.version" value="Homebrew"/>
    <property name="localRepository" value="/Users/lincolnquick/.m2/repository"/>
    <property name="java.vendor.url.bug" value="https://github.com/Homebrew/homebrew-core/issues"/>
    <property name="java.io.tmpdir" value="/var/folders/xr/qtksl1kj0t7d6x32c__q87t40000gn/T/"/>
    <property name="com.zaxxer.hikari.pool_number" value="1"/>
    <property name="java.version" value="20.0.1"/>
    <property name="user.dir" value="/Users/lincolnquick/Documents/GitHub/hrms"/>
    <property name="os.arch" value="aarch64"/>
    <property name="java.vm.specification.name" value="Java Virtual Machine Specification"/>
    <property name="PID" value="5401"/>
    <property name="CONSOLE_LOG_CHARSET" value="UTF-8"/>
    <property name="native.encoding" value="UTF-8"/>
    <property name="java.library.path" value="/Users/lincolnquick/Library/Java/Extensions:/Library/Java/Extensions:/Network/Library/Java/Extensions:/System/Library/Java/Extensions:/usr/lib/java:."/>
    <property name="java.vm.info" value="mixed mode, sharing"/>
    <property name="stderr.encoding" value="UTF-8"/>
    <property name="java.vendor" value="Homebrew"/>
    <property name="java.vm.version" value="20.0.1"/>
    <property name="sun.io.unicode.encoding" value="UnicodeBig"/>
    <property name="socksNonProxyHosts" value="local|*.local|169.254/16|*.169.254/16"/>
    <property name="java.class.version" value="64.0"/>
  </properties>
  <testcase name="contextLoads" classname="com.buffettinc.hrms.HrmsApplicationTests" time="0.006">
    <system-out><![CDATA[19:49:40.137 [main] INFO org.springframework.test.context.support.AnnotationConfigContextLoaderUtils -- Could not detect default configuration classes for test class [com.buffettinc.hrms.HrmsApplicationTests]: HrmsApplicationTests does not declare any static, non-private, non-final, nested classes annotated with @Configuration.
19:49:40.235 [main] INFO org.springframework.boot.test.context.SpringBootTestContextBootstrapper -- Found @SpringBootConfiguration com.buffettinc.hrms.HrmsApplication for test class com.buffettinc.hrms.HrmsApplicationTests

  .   ____          _            __ _ _
 /\\ / ___'_ __ _ _(_)_ __  __ _ \ \ \ \
( ( )\___ | '_ | '_| | '_ \/ _` | \ \ \ \
 \\/  ___)| |_)| | | | | || (_| |  ) ) ) )
  '  |____| .__|_| |_|_| |_\__, | / / / /
 =========|_|==============|___/=/_/_/_/
 :: Spring Boot ::                (v3.1.1)

2023-07-20T19:49:40.629-04:00  INFO 5401 --- [           main] c.buffettinc.hrms.HrmsApplicationTests   : Starting HrmsApplicationTests using Java 20.0.1 with PID 5401 (started by lincolnquick in /Users/lincolnquick/Documents/GitHub/hrms)
2023-07-20T19:49:40.631-04:00  INFO 5401 --- [           main] c.buffettinc.hrms.HrmsApplicationTests   : No active profile set, falling back to 1 default profile: "default"
2023-07-20T19:49:41.098-04:00  INFO 5401 --- [           main] .s.d.r.c.RepositoryConfigurationDelegate : Bootstrapping Spring Data JPA repositories in DEFAULT mode.
2023-07-20T19:49:41.187-04:00  INFO 5401 --- [           main] .s.d.r.c.RepositoryConfigurationDelegate : Finished Spring Data repository scanning in 83 ms. Found 20 JPA repository interfaces.
2023-07-20T19:49:41.550-04:00  INFO 5401 --- [           main] o.hibernate.jpa.internal.util.LogHelper  : HHH000204: Processing PersistenceUnitInfo [name: default]
2023-07-20T19:49:41.585-04:00  INFO 5401 --- [           main] org.hibernate.Version                    : HHH000412: Hibernate ORM core version 6.2.5.Final
2023-07-20T19:49:41.586-04:00  INFO 5401 --- [           main] org.hibernate.cfg.Environment            : HHH000406: Using bytecode reflection optimizer
2023-07-20T19:49:41.653-04:00 DEBUG 5401 --- [           main] org.hibernate.type.BasicTypeRegistry     : Adding type registration boolean -> org.hibernate.type.BasicTypeReference@74a5bef0
2023-07-20T19:49:41.653-04:00 DEBUG 5401 --- [           main] org.hibernate.type.BasicTypeRegistry     : Adding type registration boolean -> org.hibernate.type.BasicTypeReference@74a5bef0
2023-07-20T19:49:41.653-04:00 DEBUG 5401 --- [           main] org.hibernate.type.BasicTypeRegistry     : Adding type registration java.lang.Boolean -> org.hibernate.type.BasicTypeReference@74a5bef0
2023-07-20T19:49:41.653-04:00 DEBUG 5401 --- [           main] org.hibernate.type.BasicTypeRegistry     : Adding type registration numeric_boolean -> org.hibernate.type.BasicTypeReference@68c4a860
2023-07-20T19:49:41.653-04:00 DEBUG 5401 --- [           main] org.hibernate.type.BasicTypeRegistry     : Adding type registration org.hibernate.type.NumericBooleanConverter -> org.hibernate.type.BasicTypeReference@68c4a860
2023-07-20T19:49:41.653-04:00 DEBUG 5401 --- [           main] org.hibernate.type.BasicTypeRegistry     : Adding type registration true_false -> org.hibernate.type.BasicTypeReference@570ed9c
2023-07-20T19:49:41.654-04:00 DEBUG 5401 --- [           main] org.hibernate.type.BasicTypeRegistry     : Adding type registration org.hibernate.type.TrueFalseConverter -> org.hibernate.type.BasicTypeReference@570ed9c
2023-07-20T19:49:41.654-04:00 DEBUG 5401 --- [           main] org.hibernate.type.BasicTypeRegistry     : Adding type registration yes_no -> org.hibernate.type.BasicTypeReference@93f15f6
2023-07-20T19:49:41.654-04:00 DEBUG 5401 --- [           main] org.hibernate.type.BasicTypeRegistry     : Adding type registration org.hibernate.type.YesNoConverter -> org.hibernate.type.BasicTypeReference@93f15f6
2023-07-20T19:49:41.654-04:00 DEBUG 5401 --- [           main] org.hibernate.type.BasicTypeRegistry     : Adding type registration byte -> org.hibernate.type.BasicTypeReference@5034681f
2023-07-20T19:49:41.654-04:00 DEBUG 5401 --- [           main] org.hibernate.type.BasicTypeRegistry     : Adding type registration byte -> org.hibernate.type.BasicTypeReference@5034681f
2023-07-20T19:49:41.654-04:00 DEBUG 5401 --- [           main] org.hibernate.type.BasicTypeRegistry     : Adding type registration java.lang.Byte -> org.hibernate.type.BasicTypeReference@5034681f
2023-07-20T19:49:41.654-04:00 DEBUG 5401 --- [           main] org.hibernate.type.BasicTypeRegistry     : Adding type registration binary -> org.hibernate.type.BasicTypeReference@1dfe5dd1
2023-07-20T19:49:41.654-04:00 DEBUG 5401 --- [           main] org.hibernate.type.BasicTypeRegistry     : Adding type registration byte[] -> org.hibernate.type.BasicTypeReference@1dfe5dd1
2023-07-20T19:49:41.654-04:00 DEBUG 5401 --- [           main] org.hibernate.type.BasicTypeRegistry     : Adding type registration [B -> org.hibernate.type.BasicTypeReference@1dfe5dd1
2023-07-20T19:49:41.654-04:00 DEBUG 5401 --- [           main] org.hibernate.type.BasicTypeRegistry     : Adding type registration binary_wrapper -> org.hibernate.type.BasicTypeReference@1fe05fff
2023-07-20T19:49:41.654-04:00 DEBUG 5401 --- [           main] org.hibernate.type.BasicTypeRegistry     : Adding type registration wrapper-binary -> org.hibernate.type.BasicTypeReference@1fe05fff
2023-07-20T19:49:41.654-04:00 DEBUG 5401 --- [           main] org.hibernate.type.BasicTypeRegistry     : Adding type registration image -> org.hibernate.type.BasicTypeReference@6e017950
2023-07-20T19:49:41.654-04:00 DEBUG 5401 --- [           main] org.hibernate.type.BasicTypeRegistry     : Adding type registration blob -> org.hibernate.type.BasicTypeReference@1d06801f
2023-07-20T19:49:41.654-04:00 DEBUG 5401 --- [           main] org.hibernate.type.BasicTypeRegistry     : Adding type registration java.sql.Blob -> org.hibernate.type.BasicTypeReference@1d06801f
2023-07-20T19:49:41.654-04:00 DEBUG 5401 --- [           main] org.hibernate.type.BasicTypeRegistry     : Adding type registration materialized_blob -> org.hibernate.type.BasicTypeReference@727956bb
2023-07-20T19:49:41.654-04:00 DEBUG 5401 --- [           main] org.hibernate.type.BasicTypeRegistry     : Adding type registration materialized_blob_wrapper -> org.hibernate.type.BasicTypeReference@6ffbf0ac
2023-07-20T19:49:41.654-04:00 DEBUG 5401 --- [           main] org.hibernate.type.BasicTypeRegistry     : Adding type registration short -> org.hibernate.type.BasicTypeReference@ad5cffa
2023-07-20T19:49:41.654-04:00 DEBUG 5401 --- [           main] org.hibernate.type.BasicTypeRegistry     : Adding type registration short -> org.hibernate.type.BasicTypeReference@ad5cffa
2023-07-20T19:49:41.654-04:00 DEBUG 5401 --- [           main] org.hibernate.type.BasicTypeRegistry     : Adding type registration java.lang.Short -> org.hibernate.type.BasicTypeReference@ad5cffa
2023-07-20T19:49:41.654-04:00 DEBUG 5401 --- [           main] org.hibernate.type.BasicTypeRegistry     : Adding type registration integer -> org.hibernate.type.BasicTypeReference@237aa0c7
2023-07-20T19:49:41.654-04:00 DEBUG 5401 --- [           main] org.hibernate.type.BasicTypeRegistry     : Adding type registration int -> org.hibernate.type.BasicTypeReference@237aa0c7
2023-07-20T19:49:41.654-04:00 DEBUG 5401 --- [           main] org.hibernate.type.BasicTypeRegistry     : Adding type registration java.lang.Integer -> org.hibernate.type.BasicTypeReference@237aa0c7
2023-07-20T19:49:41.654-04:00 DEBUG 5401 --- [           main] org.hibernate.type.BasicTypeRegistry     : Adding type registration long -> org.hibernate.type.BasicTypeReference@1b8ee69d
2023-07-20T19:49:41.654-04:00 DEBUG 5401 --- [           main] org.hibernate.type.BasicTypeRegistry     : Adding type registration long -> org.hibernate.type.BasicTypeReference@1b8ee69d
2023-07-20T19:49:41.654-04:00 DEBUG 5401 --- [           main] org.hibernate.type.BasicTypeRegistry     : Adding type registration java.lang.Long -> org.hibernate.type.BasicTypeReference@1b8ee69d
2023-07-20T19:49:41.655-04:00 DEBUG 5401 --- [           main] org.hibernate.type.BasicTypeRegistry     : Adding type registration float -> org.hibernate.type.BasicTypeReference@2b400bd0
2023-07-20T19:49:41.655-04:00 DEBUG 5401 --- [           main] org.hibernate.type.BasicTypeRegistry     : Adding type registration float -> org.hibernate.type.BasicTypeReference@2b400bd0
2023-07-20T19:49:41.655-04:00 DEBUG 5401 --- [           main] org.hibernate.type.BasicTypeRegistry     : Adding type registration java.lang.Float -> org.hibernate.type.BasicTypeReference@2b400bd0
2023-07-20T19:49:41.655-04:00 DEBUG 5401 --- [           main] org.hibernate.type.BasicTypeRegistry     : Adding type registration double -> org.hibernate.type.BasicTypeReference@fceab5d
2023-07-20T19:49:41.655-04:00 DEBUG 5401 --- [           main] org.hibernate.type.BasicTypeRegistry     : Adding type registration double -> org.hibernate.type.BasicTypeReference@fceab5d
2023-07-20T19:49:41.655-04:00 DEBUG 5401 --- [           main] org.hibernate.type.BasicTypeRegistry     : Adding type registration java.lang.Double -> org.hibernate.type.BasicTypeReference@fceab5d
2023-07-20T19:49:41.655-04:00 DEBUG 5401 --- [           main] org.hibernate.type.BasicTypeRegistry     : Adding type registration big_integer -> org.hibernate.type.BasicTypeReference@79445efb
2023-07-20T19:49:41.655-04:00 DEBUG 5401 --- [           main] org.hibernate.type.BasicTypeRegistry     : Adding type registration java.math.BigInteger -> org.hibernate.type.BasicTypeReference@79445efb
2023-07-20T19:49:41.655-04:00 DEBUG 5401 --- [           main] org.hibernate.type.BasicTypeRegistry     : Adding type registration big_decimal -> org.hibernate.type.BasicTypeReference@1592e540
2023-07-20T19:49:41.655-04:00 DEBUG 5401 --- [           main] org.hibernate.type.BasicTypeRegistry     : Adding type registration java.math.BigDecimal -> org.hibernate.type.BasicTypeReference@1592e540
2023-07-20T19:49:41.655-04:00 DEBUG 5401 --- [           main] org.hibernate.type.BasicTypeRegistry     : Adding type registration character -> org.hibernate.type.BasicTypeReference@3e2772a9
2023-07-20T19:49:41.655-04:00 DEBUG 5401 --- [           main] org.hibernate.type.BasicTypeRegistry     : Adding type registration char -> org.hibernate.type.BasicTypeReference@3e2772a9
2023-07-20T19:49:41.655-04:00 DEBUG 5401 --- [           main] org.hibernate.type.BasicTypeRegistry     : Adding type registration java.lang.Character -> org.hibernate.type.BasicTypeReference@3e2772a9
2023-07-20T19:49:41.655-04:00 DEBUG 5401 --- [           main] org.hibernate.type.BasicTypeRegistry     : Adding type registration character_nchar -> org.hibernate.type.BasicTypeReference@4449b273
2023-07-20T19:49:41.655-04:00 DEBUG 5401 --- [           main] org.hibernate.type.BasicTypeRegistry     : Adding type registration string -> org.hibernate.type.BasicTypeReference@1fa18f87
2023-07-20T19:49:41.655-04:00 DEBUG 5401 --- [           main] org.hibernate.type.BasicTypeRegistry     : Adding type registration java.lang.String -> org.hibernate.type.BasicTypeReference@1fa18f87
2023-07-20T19:49:41.655-04:00 DEBUG 5401 --- [           main] org.hibernate.type.BasicTypeRegistry     : Adding type registration nstring -> org.hibernate.type.BasicTypeReference@1d9bd1d6
2023-07-20T19:49:41.655-04:00 DEBUG 5401 --- [           main] org.hibernate.type.BasicTypeRegistry     : Adding type registration characters -> org.hibernate.type.BasicTypeReference@18ac4af6
2023-07-20T19:49:41.655-04:00 DEBUG 5401 --- [           main] org.hibernate.type.BasicTypeRegistry     : Adding type registration char[] -> org.hibernate.type.BasicTypeReference@18ac4af6
2023-07-20T19:49:41.655-04:00 DEBUG 5401 --- [           main] org.hibernate.type.BasicTypeRegistry     : Adding type registration [C -> org.hibernate.type.BasicTypeReference@18ac4af6
2023-07-20T19:49:41.655-04:00 DEBUG 5401 --- [           main] org.hibernate.type.BasicTypeRegistry     : Adding type registration wrapper-characters -> org.hibernate.type.BasicTypeReference@117fb9ba
2023-07-20T19:49:41.655-04:00 DEBUG 5401 --- [           main] org.hibernate.type.BasicTypeRegistry     : Adding type registration text -> org.hibernate.type.BasicTypeReference@2b1d1a5
2023-07-20T19:49:41.655-04:00 DEBUG 5401 --- [           main] org.hibernate.type.BasicTypeRegistry     : Adding type registration ntext -> org.hibernate.type.BasicTypeReference@41e7a544
2023-07-20T19:49:41.655-04:00 DEBUG 5401 --- [           main] org.hibernate.type.BasicTypeRegistry     : Adding type registration clob -> org.hibernate.type.BasicTypeReference@3b66ac74
2023-07-20T19:49:41.655-04:00 DEBUG 5401 --- [           main] org.hibernate.type.BasicTypeRegistry     : Adding type registration java.sql.Clob -> org.hibernate.type.BasicTypeReference@3b66ac74
2023-07-20T19:49:41.655-04:00 DEBUG 5401 --- [           main] org.hibernate.type.BasicTypeRegistry     : Adding type registration nclob -> org.hibernate.type.BasicTypeReference@573870cb
2023-07-20T19:49:41.655-04:00 DEBUG 5401 --- [           main] org.hibernate.type.BasicTypeRegistry     : Adding type registration java.sql.NClob -> org.hibernate.type.BasicTypeReference@573870cb
2023-07-20T19:49:41.655-04:00 DEBUG 5401 --- [           main] org.hibernate.type.BasicTypeRegistry     : Adding type registration materialized_clob -> org.hibernate.type.BasicTypeReference@5b88af70
2023-07-20T19:49:41.655-04:00 DEBUG 5401 --- [           main] org.hibernate.type.BasicTypeRegistry     : Adding type registration materialized_clob_char_array -> org.hibernate.type.BasicTypeReference@2739ecc0
2023-07-20T19:49:41.656-04:00 DEBUG 5401 --- [           main] org.hibernate.type.BasicTypeRegistry     : Adding type registration materialized_clob_character_array -> org.hibernate.type.BasicTypeReference@2932e15f
2023-07-20T19:49:41.656-04:00 DEBUG 5401 --- [           main] org.hibernate.type.BasicTypeRegistry     : Adding type registration materialized_nclob -> org.hibernate.type.BasicTypeReference@3d98729a
2023-07-20T19:49:41.656-04:00 DEBUG 5401 --- [           main] org.hibernate.type.BasicTypeRegistry     : Adding type registration materialized_nclob_character_array -> org.hibernate.type.BasicTypeReference@2375a976
2023-07-20T19:49:41.656-04:00 DEBUG 5401 --- [           main] org.hibernate.type.BasicTypeRegistry     : Adding type registration materialized_nclob_char_array -> org.hibernate.type.BasicTypeReference@4bc21e34
2023-07-20T19:49:41.656-04:00 DEBUG 5401 --- [           main] org.hibernate.type.BasicTypeRegistry     : Adding type registration Duration -> org.hibernate.type.BasicTypeReference@7544260a
2023-07-20T19:49:41.656-04:00 DEBUG 5401 --- [           main] org.hibernate.type.BasicTypeRegistry     : Adding type registration java.time.Duration -> org.hibernate.type.BasicTypeReference@7544260a
2023-07-20T19:49:41.656-04:00 DEBUG 5401 --- [           main] org.hibernate.type.BasicTypeRegistry     : Adding type registration LocalDateTime -> org.hibernate.type.BasicTypeReference@bb6869a
2023-07-20T19:49:41.656-04:00 DEBUG 5401 --- [           main] org.hibernate.type.BasicTypeRegistry     : Adding type registration java.time.LocalDateTime -> org.hibernate.type.BasicTypeReference@bb6869a
2023-07-20T19:49:41.656-04:00 DEBUG 5401 --- [           main] org.hibernate.type.BasicTypeRegistry     : Adding type registration LocalDate -> org.hibernate.type.BasicTypeReference@506b083
2023-07-20T19:49:41.656-04:00 DEBUG 5401 --- [           main] org.hibernate.type.BasicTypeRegistry     : Adding type registration java.time.LocalDate -> org.hibernate.type.BasicTypeReference@506b083
2023-07-20T19:49:41.656-04:00 DEBUG 5401 --- [           main] org.hibernate.type.BasicTypeRegistry     : Adding type registration LocalTime -> org.hibernate.type.BasicTypeReference@5eee3da9
2023-07-20T19:49:41.656-04:00 DEBUG 5401 --- [           main] org.hibernate.type.BasicTypeRegistry     : Adding type registration java.time.LocalTime -> org.hibernate.type.BasicTypeReference@5eee3da9
2023-07-20T19:49:41.656-04:00 DEBUG 5401 --- [           main] org.hibernate.type.BasicTypeRegistry     : Adding type registration OffsetDateTime -> org.hibernate.type.BasicTypeReference@ace2408
2023-07-20T19:49:41.656-04:00 DEBUG 5401 --- [           main] org.hibernate.type.BasicTypeRegistry     : Adding type registration java.time.OffsetDateTime -> org.hibernate.type.BasicTypeReference@ace2408
2023-07-20T19:49:41.656-04:00 DEBUG 5401 --- [           main] org.hibernate.type.BasicTypeRegistry     : Adding type registration OffsetDateTimeWithTimezone -> org.hibernate.type.BasicTypeReference@3573e19d
2023-07-20T19:49:41.656-04:00 DEBUG 5401 --- [           main] org.hibernate.type.BasicTypeRegistry     : Adding type registration OffsetDateTimeWithoutTimezone -> org.hibernate.type.BasicTypeReference@5c1dd18
2023-07-20T19:49:41.656-04:00 DEBUG 5401 --- [           main] org.hibernate.type.BasicTypeRegistry     : Adding type registration OffsetTime -> org.hibernate.type.BasicTypeReference@2a6dbb7c
2023-07-20T19:49:41.656-04:00 DEBUG 5401 --- [           main] org.hibernate.type.BasicTypeRegistry     : Adding type registration java.time.OffsetTime -> org.hibernate.type.BasicTypeReference@2a6dbb7c
2023-07-20T19:49:41.656-04:00 DEBUG 5401 --- [           main] org.hibernate.type.BasicTypeRegistry     : Adding type registration OffsetTimeUtc -> org.hibernate.type.BasicTypeReference@5178345d
2023-07-20T19:49:41.656-04:00 DEBUG 5401 --- [           main] org.hibernate.type.BasicTypeRegistry     : Adding type registration OffsetTimeWithTimezone -> org.hibernate.type.BasicTypeReference@7b2d58e6
2023-07-20T19:49:41.656-04:00 DEBUG 5401 --- [           main] org.hibernate.type.BasicTypeRegistry     : Adding type registration OffsetTimeWithoutTimezone -> org.hibernate.type.BasicTypeReference@708f7386
2023-07-20T19:49:41.656-04:00 DEBUG 5401 --- [           main] org.hibernate.type.BasicTypeRegistry     : Adding type registration ZonedDateTime -> org.hibernate.type.BasicTypeReference@377e90b0
2023-07-20T19:49:41.656-04:00 DEBUG 5401 --- [           main] org.hibernate.type.BasicTypeRegistry     : Adding type registration java.time.ZonedDateTime -> org.hibernate.type.BasicTypeReference@377e90b0
2023-07-20T19:49:41.656-04:00 DEBUG 5401 --- [           main] org.hibernate.type.BasicTypeRegistry     : Adding type registration ZonedDateTimeWithTimezone -> org.hibernate.type.BasicTypeReference@27b490de
2023-07-20T19:49:41.656-04:00 DEBUG 5401 --- [           main] org.hibernate.type.BasicTypeRegistry     : Adding type registration ZonedDateTimeWithoutTimezone -> org.hibernate.type.BasicTypeReference@36cf16a6
2023-07-20T19:49:41.656-04:00 DEBUG 5401 --- [           main] org.hibernate.type.BasicTypeRegistry     : Adding type registration date -> org.hibernate.type.BasicTypeReference@3dd750ba
2023-07-20T19:49:41.656-04:00 DEBUG 5401 --- [           main] org.hibernate.type.BasicTypeRegistry     : Adding type registration java.sql.Date -> org.hibernate.type.BasicTypeReference@3dd750ba
2023-07-20T19:49:41.656-04:00 DEBUG 5401 --- [           main] org.hibernate.type.BasicTypeRegistry     : Adding type registration time -> org.hibernate.type.BasicTypeReference@7eefaca0
2023-07-20T19:49:41.656-04:00 DEBUG 5401 --- [           main] org.hibernate.type.BasicTypeRegistry     : Adding type registration java.sql.Time -> org.hibernate.type.BasicTypeReference@7eefaca0
2023-07-20T19:49:41.656-04:00 DEBUG 5401 --- [           main] org.hibernate.type.BasicTypeRegistry     : Adding type registration timestamp -> org.hibernate.type.BasicTypeReference@7d5ef1c3
2023-07-20T19:49:41.656-04:00 DEBUG 5401 --- [           main] org.hibernate.type.BasicTypeRegistry     : Adding type registration java.sql.Timestamp -> org.hibernate.type.BasicTypeReference@7d5ef1c3
2023-07-20T19:49:41.657-04:00 DEBUG 5401 --- [           main] org.hibernate.type.BasicTypeRegistry     : Adding type registration java.util.Date -> org.hibernate.type.BasicTypeReference@7d5ef1c3
2023-07-20T19:49:41.657-04:00 DEBUG 5401 --- [           main] org.hibernate.type.BasicTypeRegistry     : Adding type registration calendar -> org.hibernate.type.BasicTypeReference@33eab2e8
2023-07-20T19:49:41.657-04:00 DEBUG 5401 --- [           main] org.hibernate.type.BasicTypeRegistry     : Adding type registration java.util.Calendar -> org.hibernate.type.BasicTypeReference@33eab2e8
2023-07-20T19:49:41.657-04:00 DEBUG 5401 --- [           main] org.hibernate.type.BasicTypeRegistry     : Adding type registration java.util.GregorianCalendar -> org.hibernate.type.BasicTypeReference@33eab2e8
2023-07-20T19:49:41.657-04:00 DEBUG 5401 --- [           main] org.hibernate.type.BasicTypeRegistry     : Adding type registration calendar_date -> org.hibernate.type.BasicTypeReference@34bf66af
2023-07-20T19:49:41.657-04:00 DEBUG 5401 --- [           main] org.hibernate.type.BasicTypeRegistry     : Adding type registration calendar_time -> org.hibernate.type.BasicTypeReference@37364634
2023-07-20T19:49:41.657-04:00 DEBUG 5401 --- [           main] org.hibernate.type.BasicTypeRegistry     : Adding type registration instant -> org.hibernate.type.BasicTypeReference@3dec79f8
2023-07-20T19:49:41.657-04:00 DEBUG 5401 --- [           main] org.hibernate.type.BasicTypeRegistry     : Adding type registration java.time.Instant -> org.hibernate.type.BasicTypeReference@3dec79f8
2023-07-20T19:49:41.657-04:00 DEBUG 5401 --- [           main] org.hibernate.type.BasicTypeRegistry     : Adding type registration uuid -> org.hibernate.type.BasicTypeReference@5bf7f15f
2023-07-20T19:49:41.657-04:00 DEBUG 5401 --- [           main] org.hibernate.type.BasicTypeRegistry     : Adding type registration java.util.UUID -> org.hibernate.type.BasicTypeReference@5bf7f15f
2023-07-20T19:49:41.657-04:00 DEBUG 5401 --- [           main] org.hibernate.type.BasicTypeRegistry     : Adding type registration pg-uuid -> org.hibernate.type.BasicTypeReference@5bf7f15f
2023-07-20T19:49:41.657-04:00 DEBUG 5401 --- [           main] org.hibernate.type.BasicTypeRegistry     : Adding type registration uuid-binary -> org.hibernate.type.BasicTypeReference@14b26e90
2023-07-20T19:49:41.657-04:00 DEBUG 5401 --- [           main] org.hibernate.type.BasicTypeRegistry     : Adding type registration uuid-char -> org.hibernate.type.BasicTypeReference@11309dd4
2023-07-20T19:49:41.657-04:00 DEBUG 5401 --- [           main] org.hibernate.type.BasicTypeRegistry     : Adding type registration class -> org.hibernate.type.BasicTypeReference@4f4d05b3
2023-07-20T19:49:41.657-04:00 DEBUG 5401 --- [           main] org.hibernate.type.BasicTypeRegistry     : Adding type registration java.lang.Class -> org.hibernate.type.BasicTypeReference@4f4d05b3
2023-07-20T19:49:41.657-04:00 DEBUG 5401 --- [           main] org.hibernate.type.BasicTypeRegistry     : Adding type registration currency -> org.hibernate.type.BasicTypeReference@2bd4780c
2023-07-20T19:49:41.657-04:00 DEBUG 5401 --- [           main] org.hibernate.type.BasicTypeRegistry     : Adding type registration Currency -> org.hibernate.type.BasicTypeReference@2bd4780c
2023-07-20T19:49:41.657-04:00 DEBUG 5401 --- [           main] org.hibernate.type.BasicTypeRegistry     : Adding type registration java.util.Currency -> org.hibernate.type.BasicTypeReference@2bd4780c
2023-07-20T19:49:41.657-04:00 DEBUG 5401 --- [           main] org.hibernate.type.BasicTypeRegistry     : Adding type registration locale -> org.hibernate.type.BasicTypeReference@2c154508
2023-07-20T19:49:41.657-04:00 DEBUG 5401 --- [           main] org.hibernate.type.BasicTypeRegistry     : Adding type registration java.util.Locale -> org.hibernate.type.BasicTypeReference@2c154508
2023-07-20T19:49:41.657-04:00 DEBUG 5401 --- [           main] org.hibernate.type.BasicTypeRegistry     : Adding type registration serializable -> org.hibernate.type.BasicTypeReference@395eb363
2023-07-20T19:49:41.657-04:00 DEBUG 5401 --- [           main] org.hibernate.type.BasicTypeRegistry     : Adding type registration java.io.Serializable -> org.hibernate.type.BasicTypeReference@395eb363
2023-07-20T19:49:41.657-04:00 DEBUG 5401 --- [           main] org.hibernate.type.BasicTypeRegistry     : Adding type registration timezone -> org.hibernate.type.BasicTypeReference@1e194966
2023-07-20T19:49:41.657-04:00 DEBUG 5401 --- [           main] org.hibernate.type.BasicTypeRegistry     : Adding type registration java.util.TimeZone -> org.hibernate.type.BasicTypeReference@1e194966
2023-07-20T19:49:41.657-04:00 DEBUG 5401 --- [           main] org.hibernate.type.BasicTypeRegistry     : Adding type registration ZoneOffset -> org.hibernate.type.BasicTypeReference@160546b1
2023-07-20T19:49:41.657-04:00 DEBUG 5401 --- [           main] org.hibernate.type.BasicTypeRegistry     : Adding type registration java.time.ZoneOffset -> org.hibernate.type.BasicTypeReference@160546b1
2023-07-20T19:49:41.657-04:00 DEBUG 5401 --- [           main] org.hibernate.type.BasicTypeRegistry     : Adding type registration url -> org.hibernate.type.BasicTypeReference@103e7c7c
2023-07-20T19:49:41.657-04:00 DEBUG 5401 --- [           main] org.hibernate.type.BasicTypeRegistry     : Adding type registration java.net.URL -> org.hibernate.type.BasicTypeReference@103e7c7c
2023-07-20T19:49:41.657-04:00 DEBUG 5401 --- [           main] org.hibernate.type.BasicTypeRegistry     : Adding type registration row_version -> org.hibernate.type.BasicTypeReference@5c3710b3
2023-07-20T19:49:41.660-04:00 DEBUG 5401 --- [           main] org.hibernate.type.BasicTypeRegistry     : Adding type registration object -> org.hibernate.type.JavaObjectType@76220ef1
2023-07-20T19:49:41.660-04:00 DEBUG 5401 --- [           main] org.hibernate.type.BasicTypeRegistry     : Adding type registration java.lang.Object -> org.hibernate.type.JavaObjectType@76220ef1
2023-07-20T19:49:41.661-04:00 DEBUG 5401 --- [           main] org.hibernate.type.BasicTypeRegistry     : Adding type registration null -> org.hibernate.type.NullType@45849604
2023-07-20T19:49:41.661-04:00 DEBUG 5401 --- [           main] org.hibernate.type.BasicTypeRegistry     : Adding type registration imm_date -> org.hibernate.type.BasicTypeReference@6cbbfe29
2023-07-20T19:49:41.661-04:00 DEBUG 5401 --- [           main] org.hibernate.type.BasicTypeRegistry     : Adding type registration imm_time -> org.hibernate.type.BasicTypeReference@25823192
2023-07-20T19:49:41.661-04:00 DEBUG 5401 --- [           main] org.hibernate.type.BasicTypeRegistry     : Adding type registration imm_timestamp -> org.hibernate.type.BasicTypeReference@5c25daad
2023-07-20T19:49:41.661-04:00 DEBUG 5401 --- [           main] org.hibernate.type.BasicTypeRegistry     : Adding type registration imm_calendar -> org.hibernate.type.BasicTypeReference@6fdc2db6
2023-07-20T19:49:41.661-04:00 DEBUG 5401 --- [           main] org.hibernate.type.BasicTypeRegistry     : Adding type registration imm_calendar_date -> org.hibernate.type.BasicTypeReference@5be69f7e
2023-07-20T19:49:41.661-04:00 DEBUG 5401 --- [           main] org.hibernate.type.BasicTypeRegistry     : Adding type registration imm_calendar_time -> org.hibernate.type.BasicTypeReference@64544ee4
2023-07-20T19:49:41.661-04:00 DEBUG 5401 --- [           main] org.hibernate.type.BasicTypeRegistry     : Adding type registration imm_binary -> org.hibernate.type.BasicTypeReference@16d61071
2023-07-20T19:49:41.661-04:00 DEBUG 5401 --- [           main] org.hibernate.type.BasicTypeRegistry     : Adding type registration imm_serializable -> org.hibernate.type.BasicTypeReference@18692e80
2023-07-20T19:49:41.673-04:00  INFO 5401 --- [           main] o.h.b.i.BytecodeProviderInitiator        : HHH000021: Bytecode provider name : bytebuddy
2023-07-20T19:49:41.678-04:00  INFO 5401 --- [           main] o.s.o.j.p.SpringPersistenceUnitInfo      : No LoadTimeWeaver setup: ignoring JPA class transformer
2023-07-20T19:49:41.686-04:00  INFO 5401 --- [           main] com.zaxxer.hikari.HikariDataSource       : HikariPool-1 - Starting...
2023-07-20T19:49:41.817-04:00  INFO 5401 --- [           main] com.zaxxer.hikari.pool.HikariPool        : HikariPool-1 - Added connection com.mysql.cj.jdbc.ConnectionImpl@6796a873
2023-07-20T19:49:41.818-04:00  INFO 5401 --- [           main] com.zaxxer.hikari.HikariDataSource       : HikariPool-1 - Start completed.
2023-07-20T19:49:41.842-04:00  WARN 5401 --- [           main] org.hibernate.orm.deprecation            : HHH90000026: MySQL8Dialect has been deprecated; use org.hibernate.dialect.MySQLDialect instead
2023-07-20T19:49:41.854-04:00 DEBUG 5401 --- [           main] o.h.t.d.sql.spi.DdlTypeRegistry          : addDescriptor(12, org.hibernate.type.descriptor.sql.internal.CapacityDependentDdlType@217fd3c) replaced previous registration(org.hibernate.type.descriptor.sql.internal.CapacityDependentDdlType@69ac5752)
2023-07-20T19:49:41.854-04:00 DEBUG 5401 --- [           main] o.h.t.d.sql.spi.DdlTypeRegistry          : addDescriptor(-9, org.hibernate.type.descriptor.sql.internal.CapacityDependentDdlType@1736273c) replaced previous registration(org.hibernate.type.descriptor.sql.internal.CapacityDependentDdlType@ba86c53)
2023-07-20T19:49:41.854-04:00 DEBUG 5401 --- [           main] o.h.t.d.sql.spi.DdlTypeRegistry          : addDescriptor(-3, org.hibernate.type.descriptor.sql.internal.CapacityDependentDdlType@36eb8e07) replaced previous registration(org.hibernate.type.descriptor.sql.internal.CapacityDependentDdlType@3df6494f)
2023-07-20T19:49:41.854-04:00 DEBUG 5401 --- [           main] o.h.t.d.sql.spi.DdlTypeRegistry          : addDescriptor(4003, org.hibernate.type.descriptor.sql.internal.DdlTypeImpl@1b5f960a) replaced previous registration(org.hibernate.type.descriptor.sql.internal.DdlTypeImpl@53ddabc6)
2023-07-20T19:49:41.854-04:00 DEBUG 5401 --- [           main] o.h.t.d.sql.spi.DdlTypeRegistry          : addDescriptor(4001, org.hibernate.type.descriptor.sql.internal.DdlTypeImpl@39ac8c0c) replaced previous registration(org.hibernate.type.descriptor.sql.internal.DdlTypeImpl@361f1647)
2023-07-20T19:49:41.854-04:00 DEBUG 5401 --- [           main] o.h.t.d.sql.spi.DdlTypeRegistry          : addDescriptor(4002, org.hibernate.type.descriptor.sql.internal.DdlTypeImpl@51172948) replaced previous registration(org.hibernate.type.descriptor.sql.internal.DdlTypeImpl@6f2a3b37)
2023-07-20T19:49:41.854-04:00 DEBUG 5401 --- [           main] o.h.t.d.sql.spi.DdlTypeRegistry          : addDescriptor(2004, org.hibernate.type.descriptor.sql.internal.CapacityDependentDdlType@323b0632) replaced previous registration(org.hibernate.type.descriptor.sql.internal.DdlTypeImpl@7cd8831c)
2023-07-20T19:49:41.855-04:00 DEBUG 5401 --- [           main] o.h.t.d.sql.spi.DdlTypeRegistry          : addDescriptor(2005, org.hibernate.type.descriptor.sql.internal.CapacityDependentDdlType@146db8a6) replaced previous registration(org.hibernate.type.descriptor.sql.internal.DdlTypeImpl@2a20da9f)
2023-07-20T19:49:41.855-04:00 DEBUG 5401 --- [           main] o.h.t.d.sql.spi.DdlTypeRegistry          : addDescriptor(2011, org.hibernate.type.descriptor.sql.internal.CapacityDependentDdlType@40c0437f) replaced previous registration(org.hibernate.type.descriptor.sql.internal.DdlTypeImpl@78b8f818)
2023-07-20T19:49:41.855-04:00 DEBUG 5401 --- [           main] o.h.t.d.jdbc.spi.JdbcTypeRegistry        : addDescriptor(NCharTypeDescriptor) replaced previous registration(CharTypeDescriptor)
2023-07-20T19:49:41.855-04:00 DEBUG 5401 --- [           main] o.h.t.d.jdbc.spi.JdbcTypeRegistry        : addDescriptor(NVarcharTypeDescriptor) replaced previous registration(VarcharTypeDescriptor)
2023-07-20T19:49:41.855-04:00 DEBUG 5401 --- [           main] o.h.t.d.jdbc.spi.JdbcTypeRegistry        : addDescriptor(LongNVarcharTypeDescriptor) replaced previous registration(LongVarcharTypeDescriptor)
2023-07-20T19:49:41.856-04:00 DEBUG 5401 --- [           main] o.h.t.d.jdbc.spi.JdbcTypeRegistry        : addDescriptor(NClobTypeDescriptor(DEFAULT)) replaced previous registration(ClobTypeDescriptor(DEFAULT))
2023-07-20T19:49:41.856-04:00 DEBUG 5401 --- [           main] o.h.t.d.jdbc.spi.JdbcTypeRegistry        : addDescriptor(2005, ClobTypeDescriptor(STREAM_BINDING)) replaced previous registration(ClobTypeDescriptor(DEFAULT))
2023-07-20T19:49:41.858-04:00 DEBUG 5401 --- [           main] org.hibernate.type.BasicTypeRegistry     : Adding type registration null -> org.hibernate.type.NullType@6d695ec4
2023-07-20T19:49:41.858-04:00 DEBUG 5401 --- [           main] org.hibernate.type.BasicTypeRegistry     : Type registration key [null] overrode previous entry : `org.hibernate.type.NullType@45849604`
2023-07-20T19:49:41.861-04:00 DEBUG 5401 --- [           main] org.hibernate.type.BasicTypeRegistry     : Adding type registration org.hibernate.type.OffsetDateTimeType -> basicType@1(java.time.OffsetDateTime,3003)
2023-07-20T19:49:41.861-04:00 DEBUG 5401 --- [           main] org.hibernate.type.BasicTypeRegistry     : Adding type registration OffsetDateTime -> basicType@1(java.time.OffsetDateTime,3003)
2023-07-20T19:49:41.861-04:00 DEBUG 5401 --- [           main] org.hibernate.type.BasicTypeRegistry     : Adding type registration java.time.OffsetDateTime -> basicType@1(java.time.OffsetDateTime,3003)
2023-07-20T19:49:41.861-04:00 DEBUG 5401 --- [           main] org.hibernate.type.BasicTypeRegistry     : Adding type registration org.hibernate.type.ZonedDateTimeType -> basicType@2(java.time.ZonedDateTime,3003)
2023-07-20T19:49:41.861-04:00 DEBUG 5401 --- [           main] org.hibernate.type.BasicTypeRegistry     : Adding type registration ZonedDateTime -> basicType@2(java.time.ZonedDateTime,3003)
2023-07-20T19:49:41.861-04:00 DEBUG 5401 --- [           main] org.hibernate.type.BasicTypeRegistry     : Adding type registration java.time.ZonedDateTime -> basicType@2(java.time.ZonedDateTime,3003)
2023-07-20T19:49:41.861-04:00 DEBUG 5401 --- [           main] org.hibernate.type.BasicTypeRegistry     : Adding type registration org.hibernate.type.OffsetTimeType -> basicType@3(java.time.OffsetTime,3007)
2023-07-20T19:49:41.861-04:00 DEBUG 5401 --- [           main] org.hibernate.type.BasicTypeRegistry     : Adding type registration OffsetTime -> basicType@3(java.time.OffsetTime,3007)
2023-07-20T19:49:41.861-04:00 DEBUG 5401 --- [           main] org.hibernate.type.BasicTypeRegistry     : Adding type registration java.time.OffsetTime -> basicType@3(java.time.OffsetTime,3007)
2023-07-20T19:49:41.862-04:00 DEBUG 5401 --- [           main] o.h.type.spi.TypeConfiguration$Scope     : Scoping TypeConfiguration [org.hibernate.type.spi.TypeConfiguration@2d0778d0] to MetadataBuildingContext [org.hibernate.boot.internal.MetadataBuildingContextRootImpl@33e8694b]
2023-07-20T19:49:41.942-04:00  WARN 5401 --- [           main] o.h.boot.model.internal.EntityBinder     : HHH000139: Illegal use of @Table in a subclass of a SINGLE_TABLE hierarchy: com.buffettinc.hrms.model.employee.Accountant
2023-07-20T19:49:41.945-04:00  WARN 5401 --- [           main] o.h.boot.model.internal.EntityBinder     : HHH000139: Illegal use of @Table in a subclass of a SINGLE_TABLE hierarchy: com.buffettinc.hrms.model.employee.HRStaff
2023-07-20T19:49:41.947-04:00  WARN 5401 --- [           main] o.h.boot.model.internal.EntityBinder     : HHH000139: Illegal use of @Table in a subclass of a SINGLE_TABLE hierarchy: com.buffettinc.hrms.model.employee.Manager
2023-07-20T19:49:42.024-04:00  INFO 5401 --- [           main] o.h.b.i.BytecodeProviderInitiator        : HHH000021: Bytecode provider name : bytebuddy
2023-07-20T19:49:42.469-04:00  INFO 5401 --- [           main] o.h.e.t.j.p.i.JtaPlatformInitiator       : HHH000490: Using JtaPlatform implementation: [org.hibernate.engine.transaction.jta.platform.internal.NoJtaPlatform]
2023-07-20T19:49:42.469-04:00 DEBUG 5401 --- [           main] o.h.type.spi.TypeConfiguration$Scope     : Scoping TypeConfiguration [org.hibernate.type.spi.TypeConfiguration@2d0778d0] to SessionFactoryImplementor [org.hibernate.internal.SessionFactoryImpl@7a553110]
2023-07-20T19:49:42.516-04:00 DEBUG 5401 --- [           main] org.hibernate.SQL                        : alter table message modify column timestamp  datetime(6)
Hibernate: alter table message modify column timestamp  datetime(6)
2023-07-20T19:49:42.524-04:00 DEBUG 5401 --- [           main] org.hibernate.SQL                        : alter table notification modify column timestamp  datetime(6)
Hibernate: alter table notification modify column timestamp  datetime(6)
2023-07-20T19:49:42.528-04:00 DEBUG 5401 --- [           main] org.hibernate.SQL                        : alter table payment modify column amount  float(23)
Hibernate: alter table payment modify column amount  float(23)
2023-07-20T19:49:42.535-04:00 DEBUG 5401 --- [           main] org.hibernate.SQL                        : alter table payroll modify column hourly_rate  float(23)
Hibernate: alter table payroll modify column hourly_rate  float(23)
2023-07-20T19:49:42.544-04:00 DEBUG 5401 --- [           main] org.hibernate.SQL                        : alter table ptobalance modify column personal  float(23)
Hibernate: alter table ptobalance modify column personal  float(23)
2023-07-20T19:49:42.548-04:00 DEBUG 5401 --- [           main] org.hibernate.SQL                        : alter table ptobalance modify column sick  float(23)
Hibernate: alter table ptobalance modify column sick  float(23)
2023-07-20T19:49:42.551-04:00 DEBUG 5401 --- [           main] org.hibernate.SQL                        : alter table ptobalance modify column vacation  float(23)
Hibernate: alter table ptobalance modify column vacation  float(23)
2023-07-20T19:49:42.554-04:00 DEBUG 5401 --- [           main] org.hibernate.SQL                        : alter table shift_entry modify column end  datetime(6)
Hibernate: alter table shift_entry modify column end  datetime(6)
2023-07-20T19:49:42.556-04:00 DEBUG 5401 --- [           main] org.hibernate.SQL                        : alter table shift_entry modify column start  datetime(6)
Hibernate: alter table shift_entry modify column start  datetime(6)
2023-07-20T19:49:42.634-04:00 TRACE 5401 --- [           main] o.h.type.spi.TypeConfiguration$Scope     : Handling #sessionFactoryCreated from [org.hibernate.internal.SessionFactoryImpl@7a553110] for TypeConfiguration
2023-07-20T19:49:42.634-04:00  INFO 5401 --- [           main] j.LocalContainerEntityManagerFactoryBean : Initialized JPA EntityManagerFactory for persistence unit 'default'
2023-07-20T19:49:42.827-04:00  INFO 5401 --- [           main] o.s.d.j.r.query.QueryEnhancerFactory     : Hibernate is in classpath; If applicable, HQL parser will be used.
2023-07-20T19:49:43.212-04:00  WARN 5401 --- [           main] JpaBaseConfiguration$JpaWebConfiguration : spring.jpa.open-in-view is enabled by default. Therefore, database queries may be performed during view rendering. Explicitly configure spring.jpa.open-in-view to disable this warning
2023-07-20T19:49:43.301-04:00  INFO 5401 --- [           main] o.s.b.a.w.s.WelcomePageHandlerMapping    : Adding welcome page template: index
2023-07-20T19:49:43.443-04:00  INFO 5401 --- [           main] o.s.b.a.e.web.EndpointLinksResolver      : Exposing 1 endpoint(s) beneath base path '/actuator'
2023-07-20T19:49:43.474-04:00  INFO 5401 --- [           main] o.s.s.web.DefaultSecurityFilterChain     : Will secure any request with [org.springframework.security.web.session.DisableEncodeUrlFilter@64d711b0, org.springframework.security.web.context.request.async.WebAsyncManagerIntegrationFilter@4df4f611, org.springframework.security.web.context.SecurityContextHolderFilter@7f2c0470, org.springframework.security.web.header.HeaderWriterFilter@1b0db8b1, org.springframework.security.web.authentication.logout.LogoutFilter@3b0305dd, org.springframework.security.web.authentication.UsernamePasswordAuthenticationFilter@5b3c2e59, org.springframework.security.web.authentication.www.BasicAuthenticationFilter@c04a1ca, org.springframework.security.web.savedrequest.RequestCacheAwareFilter@5bf963a, org.springframework.security.web.servletapi.SecurityContextHolderAwareRequestFilter@2a38b5c7, org.springframework.security.web.authentication.AnonymousAuthenticationFilter@db62b5f, org.springframework.security.web.access.ExceptionTranslationFilter@7d59e235, org.springframework.security.web.access.intercept.FilterSecurityInterceptor@5cb7eb6c]
2023-07-20T19:49:43.679-04:00  INFO 5401 --- [           main] c.buffettinc.hrms.HrmsApplicationTests   : Started HrmsApplicationTests in 3.322 seconds (process running for 4.801)
2023-07-20T19:49:43.772-04:00 DEBUG 5401 --- [           main] org.hibernate.SQL                        : select u1_0.id,u1_0.employeeid,u1_0.password,u1_0.username from users u1_0 where u1_0.username=?
Hibernate: select u1_0.id,u1_0.employeeid,u1_0.password,u1_0.username from users u1_0 where u1_0.username=?
]]></system-out>
  </testcase>
</testsuite>