<?xml version="1.0" encoding="UTF-8"?>
<testsuite xmlns:xsi="http://www.w3.org/2001/XMLSchema-instance" xsi:noNamespaceSchemaLocation="https://maven.apache.org/surefire/maven-surefire-plugin/xsd/surefire-test-report-3.0.xsd" version="3.0" name="com.buffettinc.hrms.HrmsApplicationTests" time="2.807" tests="1" errors="0" skipped="0" failures="0">
  <properties>
    <property name="java.specification.version" value="20"/>
    <property name="sun.jnu.encoding" value="UTF-8"/>
    <property name="java.class.path" value="/Users/lincolnquick/Documents/GitHub/IST412Project/hrms/target/test-classes:/Users/lincolnquick/Documents/GitHub/IST412Project/hrms/target/classes:/Users/lincolnquick/.m2/repository/org/springframework/boot/spring-boot-starter-security/3.1.1/spring-boot-starter-security-3.1.1.jar:/Users/lincolnquick/.m2/repository/org/springframework/boot/spring-boot-starter/3.1.1/spring-boot-starter-3.1.1.jar:/Users/lincolnquick/.m2/repository/org/springframework/boot/spring-boot-starter-logging/3.1.1/spring-boot-starter-logging-3.1.1.jar:/Users/lincolnquick/.m2/repository/ch/qos/logback/logback-classic/1.4.8/logback-classic-1.4.8.jar:/Users/lincolnquick/.m2/repository/ch/qos/logback/logback-core/1.4.8/logback-core-1.4.8.jar:/Users/lincolnquick/.m2/repository/org/apache/logging/log4j/log4j-to-slf4j/2.20.0/log4j-to-slf4j-2.20.0.jar:/Users/lincolnquick/.m2/repository/org/apache/logging/log4j/log4j-api/2.20.0/log4j-api-2.20.0.jar:/Users/lincolnquick/.m2/repository/org/slf4j/jul-to-slf4j/2.0.7/jul-to-slf4j-2.0.7.jar:/Users/lincolnquick/.m2/repository/jakarta/annotation/jakarta.annotation-api/2.1.1/jakarta.annotation-api-2.1.1.jar:/Users/lincolnquick/.m2/repository/org/yaml/snakeyaml/1.33/snakeyaml-1.33.jar:/Users/lincolnquick/.m2/repository/org/springframework/spring-aop/6.0.10/spring-aop-6.0.10.jar:/Users/lincolnquick/.m2/repository/org/springframework/security/spring-security-core/6.0.2/spring-security-core-6.0.2.jar:/Users/lincolnquick/.m2/repository/org/springframework/security/spring-security-crypto/6.1.1/spring-security-crypto-6.1.1.jar:/Users/lincolnquick/.m2/repository/org/springframework/spring-beans/6.0.10/spring-beans-6.0.10.jar:/Users/lincolnquick/.m2/repository/org/springframework/spring-context/6.0.10/spring-context-6.0.10.jar:/Users/lincolnquick/.m2/repository/org/springframework/spring-core/6.0.10/spring-core-6.0.10.jar:/Users/lincolnquick/.m2/repository/org/springframework/spring-jcl/6.0.10/spring-jcl-6.0.10.jar:/Users/lincolnquick/.m2/repository/org/springframework/spring-expression/6.0.10/spring-expression-6.0.10.jar:/Users/lincolnquick/.m2/repository/io/micrometer/micrometer-observation/1.11.1/micrometer-observation-1.11.1.jar:/Users/lincolnquick/.m2/repository/io/micrometer/micrometer-commons/1.11.1/micrometer-commons-1.11.1.jar:/Users/lincolnquick/.m2/repository/org/springframework/security/spring-security-web/6.1.0/spring-security-web-6.1.0.jar:/Users/lincolnquick/.m2/repository/org/springframework/spring-web/6.0.10/spring-web-6.0.10.jar:/Users/lincolnquick/.m2/repository/org/springframework/security/spring-security-config/6.0.2/spring-security-config-6.0.2.jar:/Users/lincolnquick/.m2/repository/org/springframework/boot/spring-boot-starter-data-jpa/3.1.1/spring-boot-starter-data-jpa-3.1.1.jar:/Users/lincolnquick/.m2/repository/org/springframework/boot/spring-boot-starter-aop/3.1.1/spring-boot-starter-aop-3.1.1.jar:/Users/lincolnquick/.m2/repository/org/aspectj/aspectjweaver/1.9.19/aspectjweaver-1.9.19.jar:/Users/lincolnquick/.m2/repository/org/springframework/boot/spring-boot-starter-jdbc/3.1.1/spring-boot-starter-jdbc-3.1.1.jar:/Users/lincolnquick/.m2/repository/com/zaxxer/HikariCP/5.0.1/HikariCP-5.0.1.jar:/Users/lincolnquick/.m2/repository/org/springframework/spring-jdbc/6.0.10/spring-jdbc-6.0.10.jar:/Users/lincolnquick/.m2/repository/org/hibernate/orm/hibernate-core/6.2.5.Final/hibernate-core-6.2.5.Final.jar:/Users/lincolnquick/.m2/repository/jakarta/persistence/jakarta.persistence-api/3.1.0/jakarta.persistence-api-3.1.0.jar:/Users/lincolnquick/.m2/repository/jakarta/transaction/jakarta.transaction-api/2.0.1/jakarta.transaction-api-2.0.1.jar:/Users/lincolnquick/.m2/repository/org/jboss/logging/jboss-logging/3.5.1.Final/jboss-logging-3.5.1.Final.jar:/Users/lincolnquick/.m2/repository/org/hibernate/common/hibernate-commons-annotations/6.0.6.Final/hibernate-commons-annotations-6.0.6.Final.jar:/Users/lincolnquick/.m2/repository/io/smallrye/jandex/3.0.5/jandex-3.0.5.jar:/Users/lincolnquick/.m2/repository/com/fasterxml/classmate/1.5.1/classmate-1.5.1.jar:/Users/lincolnquick/.m2/repository/net/bytebuddy/byte-buddy/1.14.5/byte-buddy-1.14.5.jar:/Users/lincolnquick/.m2/repository/org/glassfish/jaxb/jaxb-runtime/4.0.3/jaxb-runtime-4.0.3.jar:/Users/lincolnquick/.m2/repository/org/glassfish/jaxb/jaxb-core/4.0.3/jaxb-core-4.0.3.jar:/Users/lincolnquick/.m2/repository/org/eclipse/angus/angus-activation/2.0.1/angus-activation-2.0.1.jar:/Users/lincolnquick/.m2/repository/org/glassfish/jaxb/txw2/4.0.3/txw2-4.0.3.jar:/Users/lincolnquick/.m2/repository/com/sun/istack/istack-commons-runtime/4.1.2/istack-commons-runtime-4.1.2.jar:/Users/lincolnquick/.m2/repository/org/antlr/antlr4-runtime/4.10.1/antlr4-runtime-4.10.1.jar:/Users/lincolnquick/.m2/repository/org/springframework/data/spring-data-jpa/3.1.1/spring-data-jpa-3.1.1.jar:/Users/lincolnquick/.m2/repository/org/springframework/data/spring-data-commons/3.1.1/spring-data-commons-3.1.1.jar:/Users/lincolnquick/.m2/repository/org/springframework/spring-orm/6.0.10/spring-orm-6.0.10.jar:/Users/lincolnquick/.m2/repository/org/springframework/spring-tx/6.0.10/spring-tx-6.0.10.jar:/Users/lincolnquick/.m2/repository/org/slf4j/slf4j-api/2.0.7/slf4j-api-2.0.7.jar:/Users/lincolnquick/.m2/repository/org/springframework/spring-aspects/6.0.10/spring-aspects-6.0.10.jar:/Users/lincolnquick/.m2/repository/org/springframework/boot/spring-boot-starter-thymeleaf/3.1.1/spring-boot-starter-thymeleaf-3.1.1.jar:/Users/lincolnquick/.m2/repository/org/thymeleaf/thymeleaf-spring6/3.1.1.RELEASE/thymeleaf-spring6-3.1.1.RELEASE.jar:/Users/lincolnquick/.m2/repository/org/thymeleaf/thymeleaf/3.1.1.RELEASE/thymeleaf-3.1.1.RELEASE.jar:/Users/lincolnquick/.m2/repository/org/attoparser/attoparser/2.0.6.RELEASE/attoparser-2.0.6.RELEASE.jar:/Users/lincolnquick/.m2/repository/org/unbescape/unbescape/1.1.6.RELEASE/unbescape-1.1.6.RELEASE.jar:/Users/lincolnquick/.m2/repository/org/springframework/boot/spring-boot-starter-web/3.1.1/spring-boot-starter-web-3.1.1.jar:/Users/lincolnquick/.m2/repository/org/springframework/boot/spring-boot-starter-json/3.1.1/spring-boot-starter-json-3.1.1.jar:/Users/lincolnquick/.m2/repository/com/fasterxml/jackson/core/jackson-databind/2.15.2/jackson-databind-2.15.2.jar:/Users/lincolnquick/.m2/repository/com/fasterxml/jackson/core/jackson-annotations/2.15.2/jackson-annotations-2.15.2.jar:/Users/lincolnquick/.m2/repository/com/fasterxml/jackson/core/jackson-core/2.15.2/jackson-core-2.15.2.jar:/Users/lincolnquick/.m2/repository/com/fasterxml/jackson/datatype/jackson-datatype-jdk8/2.15.2/jackson-datatype-jdk8-2.15.2.jar:/Users/lincolnquick/.m2/repository/com/fasterxml/jackson/datatype/jackson-datatype-jsr310/2.15.2/jackson-datatype-jsr310-2.15.2.jar:/Users/lincolnquick/.m2/repository/com/fasterxml/jackson/module/jackson-module-parameter-names/2.15.2/jackson-module-parameter-names-2.15.2.jar:/Users/lincolnquick/.m2/repository/org/springframework/boot/spring-boot-starter-tomcat/3.1.1/spring-boot-starter-tomcat-3.1.1.jar:/Users/lincolnquick/.m2/repository/org/apache/tomcat/embed/tomcat-embed-core/10.1.10/tomcat-embed-core-10.1.10.jar:/Users/lincolnquick/.m2/repository/org/apache/tomcat/embed/tomcat-embed-el/10.1.10/tomcat-embed-el-10.1.10.jar:/Users/lincolnquick/.m2/repository/org/apache/tomcat/embed/tomcat-embed-websocket/10.1.10/tomcat-embed-websocket-10.1.10.jar:/Users/lincolnquick/.m2/repository/org/springframework/spring-webmvc/6.0.10/spring-webmvc-6.0.10.jar:/Users/lincolnquick/.m2/repository/org/springframework/boot/spring-boot-devtools/3.1.1/spring-boot-devtools-3.1.1.jar:/Users/lincolnquick/.m2/repository/org/springframework/boot/spring-boot/3.1.1/spring-boot-3.1.1.jar:/Users/lincolnquick/.m2/repository/org/springframework/boot/spring-boot-autoconfigure/3.1.1/spring-boot-autoconfigure-3.1.1.jar:/Users/lincolnquick/.m2/repository/com/mysql/mysql-connector-j/8.0.33/mysql-connector-j-8.0.33.jar:/Users/lincolnquick/.m2/repository/org/springframework/boot/spring-boot-starter-test/3.1.1/spring-boot-starter-test-3.1.1.jar:/Users/lincolnquick/.m2/repository/org/springframework/boot/spring-boot-test/3.1.1/spring-boot-test-3.1.1.jar:/Users/lincolnquick/.m2/repository/org/springframework/boot/spring-boot-test-autoconfigure/3.1.1/spring-boot-test-autoconfigure-3.1.1.jar:/Users/lincolnquick/.m2/repository/com/jayway/jsonpath/json-path/2.8.0/json-path-2.8.0.jar:/Users/lincolnquick/.m2/repository/jakarta/xml/bind/jakarta.xml.bind-api/4.0.0/jakarta.xml.bind-api-4.0.0.jar:/Users/lincolnquick/.m2/repository/jakarta/activation/jakarta.activation-api/2.1.2/jakarta.activation-api-2.1.2.jar:/Users/lincolnquick/.m2/repository/net/minidev/json-smart/2.4.11/json-smart-2.4.11.jar:/Users/lincolnquick/.m2/repository/net/minidev/accessors-smart/2.4.11/accessors-smart-2.4.11.jar:/Users/lincolnquick/.m2/repository/org/ow2/asm/asm/9.3/asm-9.3.jar:/Users/lincolnquick/.m2/repository/org/assertj/assertj-core/3.24.2/assertj-core-3.24.2.jar:/Users/lincolnquick/.m2/repository/org/hamcrest/hamcrest/2.2/hamcrest-2.2.jar:/Users/lincolnquick/.m2/repository/org/junit/jupiter/junit-jupiter/5.9.3/junit-jupiter-5.9.3.jar:/Users/lincolnquick/.m2/repository/org/junit/jupiter/junit-jupiter-api/5.9.3/junit-jupiter-api-5.9.3.jar:/Users/lincolnquick/.m2/repository/org/opentest4j/opentest4j/1.2.0/opentest4j-1.2.0.jar:/Users/lincolnquick/.m2/repository/org/junit/platform/junit-platform-commons/1.9.3/junit-platform-commons-1.9.3.jar:/Users/lincolnquick/.m2/repository/org/apiguardian/apiguardian-api/1.1.2/apiguardian-api-1.1.2.jar:/Users/lincolnquick/.m2/repository/org/junit/jupiter/junit-jupiter-params/5.9.3/junit-jupiter-params-5.9.3.jar:/Users/lincolnquick/.m2/repository/org/junit/jupiter/junit-jupiter-engine/5.9.3/junit-jupiter-engine-5.9.3.jar:/Users/lincolnquick/.m2/repository/org/junit/platform/junit-platform-engine/1.9.3/junit-platform-engine-1.9.3.jar:/Users/lincolnquick/.m2/repository/org/mockito/mockito-core/5.3.1/mockito-core-5.3.1.jar:/Users/lincolnquick/.m2/repository/net/bytebuddy/byte-buddy-agent/1.14.5/byte-buddy-agent-1.14.5.jar:/Users/lincolnquick/.m2/repository/org/objenesis/objenesis/3.3/objenesis-3.3.jar:/Users/lincolnquick/.m2/repository/org/mockito/mockito-junit-jupiter/5.3.1/mockito-junit-jupiter-5.3.1.jar:/Users/lincolnquick/.m2/repository/org/skyscreamer/jsonassert/1.5.1/jsonassert-1.5.1.jar:/Users/lincolnquick/.m2/repository/com/vaadin/external/google/android-json/0.0.20131108.vaadin1/android-json-0.0.20131108.vaadin1.jar:/Users/lincolnquick/.m2/repository/org/springframework/spring-test/6.0.10/spring-test-6.0.10.jar:/Users/lincolnquick/.m2/repository/org/xmlunit/xmlunit-core/2.9.1/xmlunit-core-2.9.1.jar:/Users/lincolnquick/.m2/repository/jakarta/inject/jakarta.inject-api/2.0.1/jakarta.inject-api-2.0.1.jar:"/>
    <property name="java.vm.vendor" value="Homebrew"/>
    <property name="sun.arch.data.model" value="64"/>
    <property name="java.vendor.url" value="https://github.com/Homebrew/homebrew-core/issues"/>
    <property name="user.timezone" value="America/New_York"/>
    <property name="org.jboss.logging.provider" value="slf4j"/>
    <property name="os.name" value="Mac OS X"/>
    <property name="java.vm.specification.version" value="20"/>
    <property name="sun.java.launcher" value="SUN_STANDARD"/>
    <property name="user.country" value="US"/>
    <property name="sun.boot.library.path" value="/opt/homebrew/Cellar/openjdk/20.0.1/libexec/openjdk.jdk/Contents/Home/lib"/>
    <property name="sun.java.command" value="/Users/lincolnquick/Documents/GitHub/IST412Project/hrms/target/surefire/surefirebooter-20230715213813099_3.jar /Users/lincolnquick/Documents/GitHub/IST412Project/hrms/target/surefire 2023-07-15T21-38-13_054-jvmRun1 surefire-20230715213813099_1tmp surefire_0-20230715213813099_2tmp"/>
    <property name="http.nonProxyHosts" value="local|*.local|169.254/16|*.169.254/16"/>
    <property name="jdk.debug" value="release"/>
    <property name="surefire.test.class.path" value="/Users/lincolnquick/Documents/GitHub/IST412Project/hrms/target/test-classes:/Users/lincolnquick/Documents/GitHub/IST412Project/hrms/target/classes:/Users/lincolnquick/.m2/repository/org/springframework/boot/spring-boot-starter-security/3.1.1/spring-boot-starter-security-3.1.1.jar:/Users/lincolnquick/.m2/repository/org/springframework/boot/spring-boot-starter/3.1.1/spring-boot-starter-3.1.1.jar:/Users/lincolnquick/.m2/repository/org/springframework/boot/spring-boot-starter-logging/3.1.1/spring-boot-starter-logging-3.1.1.jar:/Users/lincolnquick/.m2/repository/ch/qos/logback/logback-classic/1.4.8/logback-classic-1.4.8.jar:/Users/lincolnquick/.m2/repository/ch/qos/logback/logback-core/1.4.8/logback-core-1.4.8.jar:/Users/lincolnquick/.m2/repository/org/apache/logging/log4j/log4j-to-slf4j/2.20.0/log4j-to-slf4j-2.20.0.jar:/Users/lincolnquick/.m2/repository/org/apache/logging/log4j/log4j-api/2.20.0/log4j-api-2.20.0.jar:/Users/lincolnquick/.m2/repository/org/slf4j/jul-to-slf4j/2.0.7/jul-to-slf4j-2.0.7.jar:/Users/lincolnquick/.m2/repository/jakarta/annotation/jakarta.annotation-api/2.1.1/jakarta.annotation-api-2.1.1.jar:/Users/lincolnquick/.m2/repository/org/yaml/snakeyaml/1.33/snakeyaml-1.33.jar:/Users/lincolnquick/.m2/repository/org/springframework/spring-aop/6.0.10/spring-aop-6.0.10.jar:/Users/lincolnquick/.m2/repository/org/springframework/security/spring-security-core/6.0.2/spring-security-core-6.0.2.jar:/Users/lincolnquick/.m2/repository/org/springframework/security/spring-security-crypto/6.1.1/spring-security-crypto-6.1.1.jar:/Users/lincolnquick/.m2/repository/org/springframework/spring-beans/6.0.10/spring-beans-6.0.10.jar:/Users/lincolnquick/.m2/repository/org/springframework/spring-context/6.0.10/spring-context-6.0.10.jar:/Users/lincolnquick/.m2/repository/org/springframework/spring-core/6.0.10/spring-core-6.0.10.jar:/Users/lincolnquick/.m2/repository/org/springframework/spring-jcl/6.0.10/spring-jcl-6.0.10.jar:/Users/lincolnquick/.m2/repository/org/springframework/spring-expression/6.0.10/spring-expression-6.0.10.jar:/Users/lincolnquick/.m2/repository/io/micrometer/micrometer-observation/1.11.1/micrometer-observation-1.11.1.jar:/Users/lincolnquick/.m2/repository/io/micrometer/micrometer-commons/1.11.1/micrometer-commons-1.11.1.jar:/Users/lincolnquick/.m2/repository/org/springframework/security/spring-security-web/6.1.0/spring-security-web-6.1.0.jar:/Users/lincolnquick/.m2/repository/org/springframework/spring-web/6.0.10/spring-web-6.0.10.jar:/Users/lincolnquick/.m2/repository/org/springframework/security/spring-security-config/6.0.2/spring-security-config-6.0.2.jar:/Users/lincolnquick/.m2/repository/org/springframework/boot/spring-boot-starter-data-jpa/3.1.1/spring-boot-starter-data-jpa-3.1.1.jar:/Users/lincolnquick/.m2/repository/org/springframework/boot/spring-boot-starter-aop/3.1.1/spring-boot-starter-aop-3.1.1.jar:/Users/lincolnquick/.m2/repository/org/aspectj/aspectjweaver/1.9.19/aspectjweaver-1.9.19.jar:/Users/lincolnquick/.m2/repository/org/springframework/boot/spring-boot-starter-jdbc/3.1.1/spring-boot-starter-jdbc-3.1.1.jar:/Users/lincolnquick/.m2/repository/com/zaxxer/HikariCP/5.0.1/HikariCP-5.0.1.jar:/Users/lincolnquick/.m2/repository/org/springframework/spring-jdbc/6.0.10/spring-jdbc-6.0.10.jar:/Users/lincolnquick/.m2/repository/org/hibernate/orm/hibernate-core/6.2.5.Final/hibernate-core-6.2.5.Final.jar:/Users/lincolnquick/.m2/repository/jakarta/persistence/jakarta.persistence-api/3.1.0/jakarta.persistence-api-3.1.0.jar:/Users/lincolnquick/.m2/repository/jakarta/transaction/jakarta.transaction-api/2.0.1/jakarta.transaction-api-2.0.1.jar:/Users/lincolnquick/.m2/repository/org/jboss/logging/jboss-logging/3.5.1.Final/jboss-logging-3.5.1.Final.jar:/Users/lincolnquick/.m2/repository/org/hibernate/common/hibernate-commons-annotations/6.0.6.Final/hibernate-commons-annotations-6.0.6.Final.jar:/Users/lincolnquick/.m2/repository/io/smallrye/jandex/3.0.5/jandex-3.0.5.jar:/Users/lincolnquick/.m2/repository/com/fasterxml/classmate/1.5.1/classmate-1.5.1.jar:/Users/lincolnquick/.m2/repository/net/bytebuddy/byte-buddy/1.14.5/byte-buddy-1.14.5.jar:/Users/lincolnquick/.m2/repository/org/glassfish/jaxb/jaxb-runtime/4.0.3/jaxb-runtime-4.0.3.jar:/Users/lincolnquick/.m2/repository/org/glassfish/jaxb/jaxb-core/4.0.3/jaxb-core-4.0.3.jar:/Users/lincolnquick/.m2/repository/org/eclipse/angus/angus-activation/2.0.1/angus-activation-2.0.1.jar:/Users/lincolnquick/.m2/repository/org/glassfish/jaxb/txw2/4.0.3/txw2-4.0.3.jar:/Users/lincolnquick/.m2/repository/com/sun/istack/istack-commons-runtime/4.1.2/istack-commons-runtime-4.1.2.jar:/Users/lincolnquick/.m2/repository/org/antlr/antlr4-runtime/4.10.1/antlr4-runtime-4.10.1.jar:/Users/lincolnquick/.m2/repository/org/springframework/data/spring-data-jpa/3.1.1/spring-data-jpa-3.1.1.jar:/Users/lincolnquick/.m2/repository/org/springframework/data/spring-data-commons/3.1.1/spring-data-commons-3.1.1.jar:/Users/lincolnquick/.m2/repository/org/springframework/spring-orm/6.0.10/spring-orm-6.0.10.jar:/Users/lincolnquick/.m2/repository/org/springframework/spring-tx/6.0.10/spring-tx-6.0.10.jar:/Users/lincolnquick/.m2/repository/org/slf4j/slf4j-api/2.0.7/slf4j-api-2.0.7.jar:/Users/lincolnquick/.m2/repository/org/springframework/spring-aspects/6.0.10/spring-aspects-6.0.10.jar:/Users/lincolnquick/.m2/repository/org/springframework/boot/spring-boot-starter-thymeleaf/3.1.1/spring-boot-starter-thymeleaf-3.1.1.jar:/Users/lincolnquick/.m2/repository/org/thymeleaf/thymeleaf-spring6/3.1.1.RELEASE/thymeleaf-spring6-3.1.1.RELEASE.jar:/Users/lincolnquick/.m2/repository/org/thymeleaf/thymeleaf/3.1.1.RELEASE/thymeleaf-3.1.1.RELEASE.jar:/Users/lincolnquick/.m2/repository/org/attoparser/attoparser/2.0.6.RELEASE/attoparser-2.0.6.RELEASE.jar:/Users/lincolnquick/.m2/repository/org/unbescape/unbescape/1.1.6.RELEASE/unbescape-1.1.6.RELEASE.jar:/Users/lincolnquick/.m2/repository/org/springframework/boot/spring-boot-starter-web/3.1.1/spring-boot-starter-web-3.1.1.jar:/Users/lincolnquick/.m2/repository/org/springframework/boot/spring-boot-starter-json/3.1.1/spring-boot-starter-json-3.1.1.jar:/Users/lincolnquick/.m2/repository/com/fasterxml/jackson/core/jackson-databind/2.15.2/jackson-databind-2.15.2.jar:/Users/lincolnquick/.m2/repository/com/fasterxml/jackson/core/jackson-annotations/2.15.2/jackson-annotations-2.15.2.jar:/Users/lincolnquick/.m2/repository/com/fasterxml/jackson/core/jackson-core/2.15.2/jackson-core-2.15.2.jar:/Users/lincolnquick/.m2/repository/com/fasterxml/jackson/datatype/jackson-datatype-jdk8/2.15.2/jackson-datatype-jdk8-2.15.2.jar:/Users/lincolnquick/.m2/repository/com/fasterxml/jackson/datatype/jackson-datatype-jsr310/2.15.2/jackson-datatype-jsr310-2.15.2.jar:/Users/lincolnquick/.m2/repository/com/fasterxml/jackson/module/jackson-module-parameter-names/2.15.2/jackson-module-parameter-names-2.15.2.jar:/Users/lincolnquick/.m2/repository/org/springframework/boot/spring-boot-starter-tomcat/3.1.1/spring-boot-starter-tomcat-3.1.1.jar:/Users/lincolnquick/.m2/repository/org/apache/tomcat/embed/tomcat-embed-core/10.1.10/tomcat-embed-core-10.1.10.jar:/Users/lincolnquick/.m2/repository/org/apache/tomcat/embed/tomcat-embed-el/10.1.10/tomcat-embed-el-10.1.10.jar:/Users/lincolnquick/.m2/repository/org/apache/tomcat/embed/tomcat-embed-websocket/10.1.10/tomcat-embed-websocket-10.1.10.jar:/Users/lincolnquick/.m2/repository/org/springframework/spring-webmvc/6.0.10/spring-webmvc-6.0.10.jar:/Users/lincolnquick/.m2/repository/org/springframework/boot/spring-boot-devtools/3.1.1/spring-boot-devtools-3.1.1.jar:/Users/lincolnquick/.m2/repository/org/springframework/boot/spring-boot/3.1.1/spring-boot-3.1.1.jar:/Users/lincolnquick/.m2/repository/org/springframework/boot/spring-boot-autoconfigure/3.1.1/spring-boot-autoconfigure-3.1.1.jar:/Users/lincolnquick/.m2/repository/com/mysql/mysql-connector-j/8.0.33/mysql-connector-j-8.0.33.jar:/Users/lincolnquick/.m2/repository/org/springframework/boot/spring-boot-starter-test/3.1.1/spring-boot-starter-test-3.1.1.jar:/Users/lincolnquick/.m2/repository/org/springframework/boot/spring-boot-test/3.1.1/spring-boot-test-3.1.1.jar:/Users/lincolnquick/.m2/repository/org/springframework/boot/spring-boot-test-autoconfigure/3.1.1/spring-boot-test-autoconfigure-3.1.1.jar:/Users/lincolnquick/.m2/repository/com/jayway/jsonpath/json-path/2.8.0/json-path-2.8.0.jar:/Users/lincolnquick/.m2/repository/jakarta/xml/bind/jakarta.xml.bind-api/4.0.0/jakarta.xml.bind-api-4.0.0.jar:/Users/lincolnquick/.m2/repository/jakarta/activation/jakarta.activation-api/2.1.2/jakarta.activation-api-2.1.2.jar:/Users/lincolnquick/.m2/repository/net/minidev/json-smart/2.4.11/json-smart-2.4.11.jar:/Users/lincolnquick/.m2/repository/net/minidev/accessors-smart/2.4.11/accessors-smart-2.4.11.jar:/Users/lincolnquick/.m2/repository/org/ow2/asm/asm/9.3/asm-9.3.jar:/Users/lincolnquick/.m2/repository/org/assertj/assertj-core/3.24.2/assertj-core-3.24.2.jar:/Users/lincolnquick/.m2/repository/org/hamcrest/hamcrest/2.2/hamcrest-2.2.jar:/Users/lincolnquick/.m2/repository/org/junit/jupiter/junit-jupiter/5.9.3/junit-jupiter-5.9.3.jar:/Users/lincolnquick/.m2/repository/org/junit/jupiter/junit-jupiter-api/5.9.3/junit-jupiter-api-5.9.3.jar:/Users/lincolnquick/.m2/repository/org/opentest4j/opentest4j/1.2.0/opentest4j-1.2.0.jar:/Users/lincolnquick/.m2/repository/org/junit/platform/junit-platform-commons/1.9.3/junit-platform-commons-1.9.3.jar:/Users/lincolnquick/.m2/repository/org/apiguardian/apiguardian-api/1.1.2/apiguardian-api-1.1.2.jar:/Users/lincolnquick/.m2/repository/org/junit/jupiter/junit-jupiter-params/5.9.3/junit-jupiter-params-5.9.3.jar:/Users/lincolnquick/.m2/repository/org/junit/jupiter/junit-jupiter-engine/5.9.3/junit-jupiter-engine-5.9.3.jar:/Users/lincolnquick/.m2/repository/org/junit/platform/junit-platform-engine/1.9.3/junit-platform-engine-1.9.3.jar:/Users/lincolnquick/.m2/repository/org/mockito/mockito-core/5.3.1/mockito-core-5.3.1.jar:/Users/lincolnquick/.m2/repository/net/bytebuddy/byte-buddy-agent/1.14.5/byte-buddy-agent-1.14.5.jar:/Users/lincolnquick/.m2/repository/org/objenesis/objenesis/3.3/objenesis-3.3.jar:/Users/lincolnquick/.m2/repository/org/mockito/mockito-junit-jupiter/5.3.1/mockito-junit-jupiter-5.3.1.jar:/Users/lincolnquick/.m2/repository/org/skyscreamer/jsonassert/1.5.1/jsonassert-1.5.1.jar:/Users/lincolnquick/.m2/repository/com/vaadin/external/google/android-json/0.0.20131108.vaadin1/android-json-0.0.20131108.vaadin1.jar:/Users/lincolnquick/.m2/repository/org/springframework/spring-test/6.0.10/spring-test-6.0.10.jar:/Users/lincolnquick/.m2/repository/org/xmlunit/xmlunit-core/2.9.1/xmlunit-core-2.9.1.jar:/Users/lincolnquick/.m2/repository/jakarta/inject/jakarta.inject-api/2.0.1/jakarta.inject-api-2.0.1.jar:"/>
    <property name="sun.cpu.endian" value="little"/>
    <property name="user.home" value="/Users/lincolnquick"/>
    <property name="user.language" value="en"/>
    <property name="java.specification.vendor" value="Oracle Corporation"/>
    <property name="java.version.date" value="2023-04-18"/>
    <property name="java.home" value="/opt/homebrew/Cellar/openjdk/20.0.1/libexec/openjdk.jdk/Contents/Home"/>
    <property name="file.separator" value="/"/>
    <property name="basedir" value="/Users/lincolnquick/Documents/GitHub/IST412Project/hrms"/>
    <property name="java.vm.compressedOopsMode" value="Zero based"/>
    <property name="line.separator" value="&#10;"/>
    <property name="java.vm.specification.vendor" value="Oracle Corporation"/>
    <property name="java.specification.name" value="Java Platform API Specification"/>
    <property name="FILE_LOG_CHARSET" value="UTF-8"/>
    <property name="java.awt.headless" value="true"/>
    <property name="apple.awt.application.name" value="ForkedBooter"/>
    <property name="surefire.real.class.path" value="/Users/lincolnquick/Documents/GitHub/IST412Project/hrms/target/surefire/surefirebooter-20230715213813099_3.jar"/>
    <property name="sun.management.compiler" value="HotSpot 64-Bit Tiered Compilers"/>
    <property name="ftp.nonProxyHosts" value="local|*.local|169.254/16|*.169.254/16"/>
    <property name="java.runtime.version" value="20.0.1"/>
    <property name="user.name" value="lincolnquick"/>
    <property name="stdout.encoding" value="UTF-8"/>
    <property name="path.separator" value=":"/>
    <property name="os.version" value="13.4.1"/>
    <property name="java.runtime.name" value="OpenJDK Runtime Environment"/>
    <property name="file.encoding" value="UTF-8"/>
    <property name="java.vm.name" value="OpenJDK 64-Bit Server VM"/>
    <property name="java.vendor.version" value="Homebrew"/>
    <property name="localRepository" value="/Users/lincolnquick/.m2/repository"/>
    <property name="java.vendor.url.bug" value="https://github.com/Homebrew/homebrew-core/issues"/>
    <property name="java.io.tmpdir" value="/var/folders/xr/qtksl1kj0t7d6x32c__q87t40000gn/T/"/>
    <property name="com.zaxxer.hikari.pool_number" value="1"/>
    <property name="java.version" value="20.0.1"/>
    <property name="user.dir" value="/Users/lincolnquick/Documents/GitHub/IST412Project/hrms"/>
    <property name="os.arch" value="aarch64"/>
    <property name="java.vm.specification.name" value="Java Virtual Machine Specification"/>
    <property name="PID" value="24059"/>
    <property name="CONSOLE_LOG_CHARSET" value="UTF-8"/>
    <property name="native.encoding" value="UTF-8"/>
    <property name="java.library.path" value="/Users/lincolnquick/Library/Java/Extensions:/Library/Java/Extensions:/Network/Library/Java/Extensions:/System/Library/Java/Extensions:/usr/lib/java:."/>
    <property name="java.vm.info" value="mixed mode, sharing"/>
    <property name="stderr.encoding" value="UTF-8"/>
    <property name="java.vendor" value="Homebrew"/>
    <property name="java.vm.version" value="20.0.1"/>
    <property name="sun.io.unicode.encoding" value="UnicodeBig"/>
    <property name="socksNonProxyHosts" value="local|*.local|169.254/16|*.169.254/16"/>
    <property name="java.class.version" value="64.0"/>
  </properties>
  <testcase name="contextLoads" classname="com.buffettinc.hrms.HrmsApplicationTests" time="0.006">
    <system-out><![CDATA[21:38:14.166 [main] INFO org.springframework.test.context.support.AnnotationConfigContextLoaderUtils -- Could not detect default configuration classes for test class [com.buffettinc.hrms.HrmsApplicationTests]: HrmsApplicationTests does not declare any static, non-private, non-final, nested classes annotated with @Configuration.
21:38:14.222 [main] INFO org.springframework.boot.test.context.SpringBootTestContextBootstrapper -- Found @SpringBootConfiguration com.buffettinc.hrms.HrmsApplication for test class com.buffettinc.hrms.HrmsApplicationTests

  .   ____          _            __ _ _
 /\\ / ___'_ __ _ _(_)_ __  __ _ \ \ \ \
( ( )\___ | '_ | '_| | '_ \/ _` | \ \ \ \
 \\/  ___)| |_)| | | | | || (_| |  ) ) ) )
  '  |____| .__|_| |_|_| |_\__, | / / / /
 =========|_|==============|___/=/_/_/_/
 :: Spring Boot ::                (v3.1.1)

2023-07-15T21:38:14.414-04:00  INFO 24059 --- [           main] c.buffettinc.hrms.HrmsApplicationTests   : Starting HrmsApplicationTests using Java 20.0.1 with PID 24059 (started by lincolnquick in /Users/lincolnquick/Documents/GitHub/IST412Project/hrms)
2023-07-15T21:38:14.414-04:00  INFO 24059 --- [           main] c.buffettinc.hrms.HrmsApplicationTests   : No active profile set, falling back to 1 default profile: "default"
2023-07-15T21:38:14.755-04:00  INFO 24059 --- [           main] .s.d.r.c.RepositoryConfigurationDelegate : Bootstrapping Spring Data JPA repositories in DEFAULT mode.
2023-07-15T21:38:14.810-04:00  INFO 24059 --- [           main] .s.d.r.c.RepositoryConfigurationDelegate : Finished Spring Data repository scanning in 52 ms. Found 20 JPA repository interfaces.
2023-07-15T21:38:15.077-04:00  INFO 24059 --- [           main] o.hibernate.jpa.internal.util.LogHelper  : HHH000204: Processing PersistenceUnitInfo [name: default]
2023-07-15T21:38:15.110-04:00  INFO 24059 --- [           main] org.hibernate.Version                    : HHH000412: Hibernate ORM core version 6.2.5.Final
2023-07-15T21:38:15.111-04:00  INFO 24059 --- [           main] org.hibernate.cfg.Environment            : HHH000406: Using bytecode reflection optimizer
2023-07-15T21:38:15.161-04:00 DEBUG 24059 --- [           main] org.hibernate.type.BasicTypeRegistry     : Adding type registration boolean -> org.hibernate.type.BasicTypeReference@35329a05
2023-07-15T21:38:15.161-04:00 DEBUG 24059 --- [           main] org.hibernate.type.BasicTypeRegistry     : Adding type registration boolean -> org.hibernate.type.BasicTypeReference@35329a05
2023-07-15T21:38:15.161-04:00 DEBUG 24059 --- [           main] org.hibernate.type.BasicTypeRegistry     : Adding type registration java.lang.Boolean -> org.hibernate.type.BasicTypeReference@35329a05
2023-07-15T21:38:15.161-04:00 DEBUG 24059 --- [           main] org.hibernate.type.BasicTypeRegistry     : Adding type registration numeric_boolean -> org.hibernate.type.BasicTypeReference@36c783ca
2023-07-15T21:38:15.161-04:00 DEBUG 24059 --- [           main] org.hibernate.type.BasicTypeRegistry     : Adding type registration org.hibernate.type.NumericBooleanConverter -> org.hibernate.type.BasicTypeReference@36c783ca
2023-07-15T21:38:15.161-04:00 DEBUG 24059 --- [           main] org.hibernate.type.BasicTypeRegistry     : Adding type registration true_false -> org.hibernate.type.BasicTypeReference@17136390
2023-07-15T21:38:15.161-04:00 DEBUG 24059 --- [           main] org.hibernate.type.BasicTypeRegistry     : Adding type registration org.hibernate.type.TrueFalseConverter -> org.hibernate.type.BasicTypeReference@17136390
2023-07-15T21:38:15.161-04:00 DEBUG 24059 --- [           main] org.hibernate.type.BasicTypeRegistry     : Adding type registration yes_no -> org.hibernate.type.BasicTypeReference@273293c8
2023-07-15T21:38:15.162-04:00 DEBUG 24059 --- [           main] org.hibernate.type.BasicTypeRegistry     : Adding type registration org.hibernate.type.YesNoConverter -> org.hibernate.type.BasicTypeReference@273293c8
2023-07-15T21:38:15.162-04:00 DEBUG 24059 --- [           main] org.hibernate.type.BasicTypeRegistry     : Adding type registration byte -> org.hibernate.type.BasicTypeReference@6f1d799
2023-07-15T21:38:15.162-04:00 DEBUG 24059 --- [           main] org.hibernate.type.BasicTypeRegistry     : Adding type registration byte -> org.hibernate.type.BasicTypeReference@6f1d799
2023-07-15T21:38:15.162-04:00 DEBUG 24059 --- [           main] org.hibernate.type.BasicTypeRegistry     : Adding type registration java.lang.Byte -> org.hibernate.type.BasicTypeReference@6f1d799
2023-07-15T21:38:15.162-04:00 DEBUG 24059 --- [           main] org.hibernate.type.BasicTypeRegistry     : Adding type registration binary -> org.hibernate.type.BasicTypeReference@ca2cd5e
2023-07-15T21:38:15.162-04:00 DEBUG 24059 --- [           main] org.hibernate.type.BasicTypeRegistry     : Adding type registration byte[] -> org.hibernate.type.BasicTypeReference@ca2cd5e
2023-07-15T21:38:15.162-04:00 DEBUG 24059 --- [           main] org.hibernate.type.BasicTypeRegistry     : Adding type registration [B -> org.hibernate.type.BasicTypeReference@ca2cd5e
2023-07-15T21:38:15.162-04:00 DEBUG 24059 --- [           main] org.hibernate.type.BasicTypeRegistry     : Adding type registration binary_wrapper -> org.hibernate.type.BasicTypeReference@a120b9
2023-07-15T21:38:15.162-04:00 DEBUG 24059 --- [           main] org.hibernate.type.BasicTypeRegistry     : Adding type registration wrapper-binary -> org.hibernate.type.BasicTypeReference@a120b9
2023-07-15T21:38:15.162-04:00 DEBUG 24059 --- [           main] org.hibernate.type.BasicTypeRegistry     : Adding type registration image -> org.hibernate.type.BasicTypeReference@333e5fb6
2023-07-15T21:38:15.162-04:00 DEBUG 24059 --- [           main] org.hibernate.type.BasicTypeRegistry     : Adding type registration blob -> org.hibernate.type.BasicTypeReference@3b7b0b57
2023-07-15T21:38:15.162-04:00 DEBUG 24059 --- [           main] org.hibernate.type.BasicTypeRegistry     : Adding type registration java.sql.Blob -> org.hibernate.type.BasicTypeReference@3b7b0b57
2023-07-15T21:38:15.162-04:00 DEBUG 24059 --- [           main] org.hibernate.type.BasicTypeRegistry     : Adding type registration materialized_blob -> org.hibernate.type.BasicTypeReference@21a9f95b
2023-07-15T21:38:15.162-04:00 DEBUG 24059 --- [           main] org.hibernate.type.BasicTypeRegistry     : Adding type registration materialized_blob_wrapper -> org.hibernate.type.BasicTypeReference@2804b13f
2023-07-15T21:38:15.162-04:00 DEBUG 24059 --- [           main] org.hibernate.type.BasicTypeRegistry     : Adding type registration short -> org.hibernate.type.BasicTypeReference@69069866
2023-07-15T21:38:15.162-04:00 DEBUG 24059 --- [           main] org.hibernate.type.BasicTypeRegistry     : Adding type registration short -> org.hibernate.type.BasicTypeReference@69069866
2023-07-15T21:38:15.162-04:00 DEBUG 24059 --- [           main] org.hibernate.type.BasicTypeRegistry     : Adding type registration java.lang.Short -> org.hibernate.type.BasicTypeReference@69069866
2023-07-15T21:38:15.162-04:00 DEBUG 24059 --- [           main] org.hibernate.type.BasicTypeRegistry     : Adding type registration integer -> org.hibernate.type.BasicTypeReference@ac417a2
2023-07-15T21:38:15.162-04:00 DEBUG 24059 --- [           main] org.hibernate.type.BasicTypeRegistry     : Adding type registration int -> org.hibernate.type.BasicTypeReference@ac417a2
2023-07-15T21:38:15.162-04:00 DEBUG 24059 --- [           main] org.hibernate.type.BasicTypeRegistry     : Adding type registration java.lang.Integer -> org.hibernate.type.BasicTypeReference@ac417a2
2023-07-15T21:38:15.162-04:00 DEBUG 24059 --- [           main] org.hibernate.type.BasicTypeRegistry     : Adding type registration long -> org.hibernate.type.BasicTypeReference@64c95480
2023-07-15T21:38:15.162-04:00 DEBUG 24059 --- [           main] org.hibernate.type.BasicTypeRegistry     : Adding type registration long -> org.hibernate.type.BasicTypeReference@64c95480
2023-07-15T21:38:15.162-04:00 DEBUG 24059 --- [           main] org.hibernate.type.BasicTypeRegistry     : Adding type registration java.lang.Long -> org.hibernate.type.BasicTypeReference@64c95480
2023-07-15T21:38:15.162-04:00 DEBUG 24059 --- [           main] org.hibernate.type.BasicTypeRegistry     : Adding type registration float -> org.hibernate.type.BasicTypeReference@69499c6f
2023-07-15T21:38:15.162-04:00 DEBUG 24059 --- [           main] org.hibernate.type.BasicTypeRegistry     : Adding type registration float -> org.hibernate.type.BasicTypeReference@69499c6f
2023-07-15T21:38:15.162-04:00 DEBUG 24059 --- [           main] org.hibernate.type.BasicTypeRegistry     : Adding type registration java.lang.Float -> org.hibernate.type.BasicTypeReference@69499c6f
2023-07-15T21:38:15.163-04:00 DEBUG 24059 --- [           main] org.hibernate.type.BasicTypeRegistry     : Adding type registration double -> org.hibernate.type.BasicTypeReference@3451fc88
2023-07-15T21:38:15.163-04:00 DEBUG 24059 --- [           main] org.hibernate.type.BasicTypeRegistry     : Adding type registration double -> org.hibernate.type.BasicTypeReference@3451fc88
2023-07-15T21:38:15.163-04:00 DEBUG 24059 --- [           main] org.hibernate.type.BasicTypeRegistry     : Adding type registration java.lang.Double -> org.hibernate.type.BasicTypeReference@3451fc88
2023-07-15T21:38:15.163-04:00 DEBUG 24059 --- [           main] org.hibernate.type.BasicTypeRegistry     : Adding type registration big_integer -> org.hibernate.type.BasicTypeReference@1e0294a7
2023-07-15T21:38:15.163-04:00 DEBUG 24059 --- [           main] org.hibernate.type.BasicTypeRegistry     : Adding type registration java.math.BigInteger -> org.hibernate.type.BasicTypeReference@1e0294a7
2023-07-15T21:38:15.163-04:00 DEBUG 24059 --- [           main] org.hibernate.type.BasicTypeRegistry     : Adding type registration big_decimal -> org.hibernate.type.BasicTypeReference@3041beb3
2023-07-15T21:38:15.163-04:00 DEBUG 24059 --- [           main] org.hibernate.type.BasicTypeRegistry     : Adding type registration java.math.BigDecimal -> org.hibernate.type.BasicTypeReference@3041beb3
2023-07-15T21:38:15.163-04:00 DEBUG 24059 --- [           main] org.hibernate.type.BasicTypeRegistry     : Adding type registration character -> org.hibernate.type.BasicTypeReference@15cee630
2023-07-15T21:38:15.163-04:00 DEBUG 24059 --- [           main] org.hibernate.type.BasicTypeRegistry     : Adding type registration char -> org.hibernate.type.BasicTypeReference@15cee630
2023-07-15T21:38:15.163-04:00 DEBUG 24059 --- [           main] org.hibernate.type.BasicTypeRegistry     : Adding type registration java.lang.Character -> org.hibernate.type.BasicTypeReference@15cee630
2023-07-15T21:38:15.163-04:00 DEBUG 24059 --- [           main] org.hibernate.type.BasicTypeRegistry     : Adding type registration character_nchar -> org.hibernate.type.BasicTypeReference@2e40fdbd
2023-07-15T21:38:15.163-04:00 DEBUG 24059 --- [           main] org.hibernate.type.BasicTypeRegistry     : Adding type registration string -> org.hibernate.type.BasicTypeReference@246de37e
2023-07-15T21:38:15.163-04:00 DEBUG 24059 --- [           main] org.hibernate.type.BasicTypeRegistry     : Adding type registration java.lang.String -> org.hibernate.type.BasicTypeReference@246de37e
2023-07-15T21:38:15.163-04:00 DEBUG 24059 --- [           main] org.hibernate.type.BasicTypeRegistry     : Adding type registration nstring -> org.hibernate.type.BasicTypeReference@19647566
2023-07-15T21:38:15.163-04:00 DEBUG 24059 --- [           main] org.hibernate.type.BasicTypeRegistry     : Adding type registration characters -> org.hibernate.type.BasicTypeReference@7b79ff1c
2023-07-15T21:38:15.163-04:00 DEBUG 24059 --- [           main] org.hibernate.type.BasicTypeRegistry     : Adding type registration char[] -> org.hibernate.type.BasicTypeReference@7b79ff1c
2023-07-15T21:38:15.163-04:00 DEBUG 24059 --- [           main] org.hibernate.type.BasicTypeRegistry     : Adding type registration [C -> org.hibernate.type.BasicTypeReference@7b79ff1c
2023-07-15T21:38:15.163-04:00 DEBUG 24059 --- [           main] org.hibernate.type.BasicTypeRegistry     : Adding type registration wrapper-characters -> org.hibernate.type.BasicTypeReference@527d48db
2023-07-15T21:38:15.163-04:00 DEBUG 24059 --- [           main] org.hibernate.type.BasicTypeRegistry     : Adding type registration text -> org.hibernate.type.BasicTypeReference@194037f9
2023-07-15T21:38:15.163-04:00 DEBUG 24059 --- [           main] org.hibernate.type.BasicTypeRegistry     : Adding type registration ntext -> org.hibernate.type.BasicTypeReference@2335aef2
2023-07-15T21:38:15.163-04:00 DEBUG 24059 --- [           main] org.hibernate.type.BasicTypeRegistry     : Adding type registration clob -> org.hibernate.type.BasicTypeReference@17003497
2023-07-15T21:38:15.163-04:00 DEBUG 24059 --- [           main] org.hibernate.type.BasicTypeRegistry     : Adding type registration java.sql.Clob -> org.hibernate.type.BasicTypeReference@17003497
2023-07-15T21:38:15.163-04:00 DEBUG 24059 --- [           main] org.hibernate.type.BasicTypeRegistry     : Adding type registration nclob -> org.hibernate.type.BasicTypeReference@2f038d3c
2023-07-15T21:38:15.163-04:00 DEBUG 24059 --- [           main] org.hibernate.type.BasicTypeRegistry     : Adding type registration java.sql.NClob -> org.hibernate.type.BasicTypeReference@2f038d3c
2023-07-15T21:38:15.163-04:00 DEBUG 24059 --- [           main] org.hibernate.type.BasicTypeRegistry     : Adding type registration materialized_clob -> org.hibernate.type.BasicTypeReference@376498da
2023-07-15T21:38:15.163-04:00 DEBUG 24059 --- [           main] org.hibernate.type.BasicTypeRegistry     : Adding type registration materialized_clob_char_array -> org.hibernate.type.BasicTypeReference@39a8e2fa
2023-07-15T21:38:15.163-04:00 DEBUG 24059 --- [           main] org.hibernate.type.BasicTypeRegistry     : Adding type registration materialized_clob_character_array -> org.hibernate.type.BasicTypeReference@2f9addd4
2023-07-15T21:38:15.163-04:00 DEBUG 24059 --- [           main] org.hibernate.type.BasicTypeRegistry     : Adding type registration materialized_nclob -> org.hibernate.type.BasicTypeReference@1c43df76
2023-07-15T21:38:15.164-04:00 DEBUG 24059 --- [           main] org.hibernate.type.BasicTypeRegistry     : Adding type registration materialized_nclob_character_array -> org.hibernate.type.BasicTypeReference@ff2266c
2023-07-15T21:38:15.164-04:00 DEBUG 24059 --- [           main] org.hibernate.type.BasicTypeRegistry     : Adding type registration materialized_nclob_char_array -> org.hibernate.type.BasicTypeReference@71b3ba5a
2023-07-15T21:38:15.164-04:00 DEBUG 24059 --- [           main] org.hibernate.type.BasicTypeRegistry     : Adding type registration Duration -> org.hibernate.type.BasicTypeReference@83ebdc5
2023-07-15T21:38:15.164-04:00 DEBUG 24059 --- [           main] org.hibernate.type.BasicTypeRegistry     : Adding type registration java.time.Duration -> org.hibernate.type.BasicTypeReference@83ebdc5
2023-07-15T21:38:15.164-04:00 DEBUG 24059 --- [           main] org.hibernate.type.BasicTypeRegistry     : Adding type registration LocalDateTime -> org.hibernate.type.BasicTypeReference@a047bdb
2023-07-15T21:38:15.164-04:00 DEBUG 24059 --- [           main] org.hibernate.type.BasicTypeRegistry     : Adding type registration java.time.LocalDateTime -> org.hibernate.type.BasicTypeReference@a047bdb
2023-07-15T21:38:15.164-04:00 DEBUG 24059 --- [           main] org.hibernate.type.BasicTypeRegistry     : Adding type registration LocalDate -> org.hibernate.type.BasicTypeReference@14dbfdb1
2023-07-15T21:38:15.164-04:00 DEBUG 24059 --- [           main] org.hibernate.type.BasicTypeRegistry     : Adding type registration java.time.LocalDate -> org.hibernate.type.BasicTypeReference@14dbfdb1
2023-07-15T21:38:15.164-04:00 DEBUG 24059 --- [           main] org.hibernate.type.BasicTypeRegistry     : Adding type registration LocalTime -> org.hibernate.type.BasicTypeReference@7856f41a
2023-07-15T21:38:15.164-04:00 DEBUG 24059 --- [           main] org.hibernate.type.BasicTypeRegistry     : Adding type registration java.time.LocalTime -> org.hibernate.type.BasicTypeReference@7856f41a
2023-07-15T21:38:15.164-04:00 DEBUG 24059 --- [           main] org.hibernate.type.BasicTypeRegistry     : Adding type registration OffsetDateTime -> org.hibernate.type.BasicTypeReference@5fbae40
2023-07-15T21:38:15.164-04:00 DEBUG 24059 --- [           main] org.hibernate.type.BasicTypeRegistry     : Adding type registration java.time.OffsetDateTime -> org.hibernate.type.BasicTypeReference@5fbae40
2023-07-15T21:38:15.164-04:00 DEBUG 24059 --- [           main] org.hibernate.type.BasicTypeRegistry     : Adding type registration OffsetDateTimeWithTimezone -> org.hibernate.type.BasicTypeReference@2c08c787
2023-07-15T21:38:15.164-04:00 DEBUG 24059 --- [           main] org.hibernate.type.BasicTypeRegistry     : Adding type registration OffsetDateTimeWithoutTimezone -> org.hibernate.type.BasicTypeReference@67f591c2
2023-07-15T21:38:15.164-04:00 DEBUG 24059 --- [           main] org.hibernate.type.BasicTypeRegistry     : Adding type registration OffsetTime -> org.hibernate.type.BasicTypeReference@284c4f02
2023-07-15T21:38:15.164-04:00 DEBUG 24059 --- [           main] org.hibernate.type.BasicTypeRegistry     : Adding type registration java.time.OffsetTime -> org.hibernate.type.BasicTypeReference@284c4f02
2023-07-15T21:38:15.164-04:00 DEBUG 24059 --- [           main] org.hibernate.type.BasicTypeRegistry     : Adding type registration OffsetTimeUtc -> org.hibernate.type.BasicTypeReference@709d6de5
2023-07-15T21:38:15.164-04:00 DEBUG 24059 --- [           main] org.hibernate.type.BasicTypeRegistry     : Adding type registration OffsetTimeWithTimezone -> org.hibernate.type.BasicTypeReference@1a43a88e
2023-07-15T21:38:15.164-04:00 DEBUG 24059 --- [           main] org.hibernate.type.BasicTypeRegistry     : Adding type registration OffsetTimeWithoutTimezone -> org.hibernate.type.BasicTypeReference@51f34185
2023-07-15T21:38:15.164-04:00 DEBUG 24059 --- [           main] org.hibernate.type.BasicTypeRegistry     : Adding type registration ZonedDateTime -> org.hibernate.type.BasicTypeReference@1b8d20e6
2023-07-15T21:38:15.164-04:00 DEBUG 24059 --- [           main] org.hibernate.type.BasicTypeRegistry     : Adding type registration java.time.ZonedDateTime -> org.hibernate.type.BasicTypeReference@1b8d20e6
2023-07-15T21:38:15.164-04:00 DEBUG 24059 --- [           main] org.hibernate.type.BasicTypeRegistry     : Adding type registration ZonedDateTimeWithTimezone -> org.hibernate.type.BasicTypeReference@e49437
2023-07-15T21:38:15.164-04:00 DEBUG 24059 --- [           main] org.hibernate.type.BasicTypeRegistry     : Adding type registration ZonedDateTimeWithoutTimezone -> org.hibernate.type.BasicTypeReference@7645b7d
2023-07-15T21:38:15.164-04:00 DEBUG 24059 --- [           main] org.hibernate.type.BasicTypeRegistry     : Adding type registration date -> org.hibernate.type.BasicTypeReference@4c50cd7d
2023-07-15T21:38:15.164-04:00 DEBUG 24059 --- [           main] org.hibernate.type.BasicTypeRegistry     : Adding type registration java.sql.Date -> org.hibernate.type.BasicTypeReference@4c50cd7d
2023-07-15T21:38:15.164-04:00 DEBUG 24059 --- [           main] org.hibernate.type.BasicTypeRegistry     : Adding type registration time -> org.hibernate.type.BasicTypeReference@3ea84e01
2023-07-15T21:38:15.164-04:00 DEBUG 24059 --- [           main] org.hibernate.type.BasicTypeRegistry     : Adding type registration java.sql.Time -> org.hibernate.type.BasicTypeReference@3ea84e01
2023-07-15T21:38:15.164-04:00 DEBUG 24059 --- [           main] org.hibernate.type.BasicTypeRegistry     : Adding type registration timestamp -> org.hibernate.type.BasicTypeReference@1a4930cf
2023-07-15T21:38:15.164-04:00 DEBUG 24059 --- [           main] org.hibernate.type.BasicTypeRegistry     : Adding type registration java.sql.Timestamp -> org.hibernate.type.BasicTypeReference@1a4930cf
2023-07-15T21:38:15.164-04:00 DEBUG 24059 --- [           main] org.hibernate.type.BasicTypeRegistry     : Adding type registration java.util.Date -> org.hibernate.type.BasicTypeReference@1a4930cf
2023-07-15T21:38:15.164-04:00 DEBUG 24059 --- [           main] org.hibernate.type.BasicTypeRegistry     : Adding type registration calendar -> org.hibernate.type.BasicTypeReference@3fd33f48
2023-07-15T21:38:15.165-04:00 DEBUG 24059 --- [           main] org.hibernate.type.BasicTypeRegistry     : Adding type registration java.util.Calendar -> org.hibernate.type.BasicTypeReference@3fd33f48
2023-07-15T21:38:15.165-04:00 DEBUG 24059 --- [           main] org.hibernate.type.BasicTypeRegistry     : Adding type registration java.util.GregorianCalendar -> org.hibernate.type.BasicTypeReference@3fd33f48
2023-07-15T21:38:15.165-04:00 DEBUG 24059 --- [           main] org.hibernate.type.BasicTypeRegistry     : Adding type registration calendar_date -> org.hibernate.type.BasicTypeReference@75a226ea
2023-07-15T21:38:15.165-04:00 DEBUG 24059 --- [           main] org.hibernate.type.BasicTypeRegistry     : Adding type registration calendar_time -> org.hibernate.type.BasicTypeReference@986b619
2023-07-15T21:38:15.165-04:00 DEBUG 24059 --- [           main] org.hibernate.type.BasicTypeRegistry     : Adding type registration instant -> org.hibernate.type.BasicTypeReference@5a1a20ae
2023-07-15T21:38:15.165-04:00 DEBUG 24059 --- [           main] org.hibernate.type.BasicTypeRegistry     : Adding type registration java.time.Instant -> org.hibernate.type.BasicTypeReference@5a1a20ae
2023-07-15T21:38:15.165-04:00 DEBUG 24059 --- [           main] org.hibernate.type.BasicTypeRegistry     : Adding type registration uuid -> org.hibernate.type.BasicTypeReference@7c956dda
2023-07-15T21:38:15.165-04:00 DEBUG 24059 --- [           main] org.hibernate.type.BasicTypeRegistry     : Adding type registration java.util.UUID -> org.hibernate.type.BasicTypeReference@7c956dda
2023-07-15T21:38:15.165-04:00 DEBUG 24059 --- [           main] org.hibernate.type.BasicTypeRegistry     : Adding type registration pg-uuid -> org.hibernate.type.BasicTypeReference@7c956dda
2023-07-15T21:38:15.165-04:00 DEBUG 24059 --- [           main] org.hibernate.type.BasicTypeRegistry     : Adding type registration uuid-binary -> org.hibernate.type.BasicTypeReference@186481d4
2023-07-15T21:38:15.165-04:00 DEBUG 24059 --- [           main] org.hibernate.type.BasicTypeRegistry     : Adding type registration uuid-char -> org.hibernate.type.BasicTypeReference@24eecabf
2023-07-15T21:38:15.165-04:00 DEBUG 24059 --- [           main] org.hibernate.type.BasicTypeRegistry     : Adding type registration class -> org.hibernate.type.BasicTypeReference@2ffa91dc
2023-07-15T21:38:15.165-04:00 DEBUG 24059 --- [           main] org.hibernate.type.BasicTypeRegistry     : Adding type registration java.lang.Class -> org.hibernate.type.BasicTypeReference@2ffa91dc
2023-07-15T21:38:15.165-04:00 DEBUG 24059 --- [           main] org.hibernate.type.BasicTypeRegistry     : Adding type registration currency -> org.hibernate.type.BasicTypeReference@78d6c244
2023-07-15T21:38:15.165-04:00 DEBUG 24059 --- [           main] org.hibernate.type.BasicTypeRegistry     : Adding type registration Currency -> org.hibernate.type.BasicTypeReference@78d6c244
2023-07-15T21:38:15.165-04:00 DEBUG 24059 --- [           main] org.hibernate.type.BasicTypeRegistry     : Adding type registration java.util.Currency -> org.hibernate.type.BasicTypeReference@78d6c244
2023-07-15T21:38:15.165-04:00 DEBUG 24059 --- [           main] org.hibernate.type.BasicTypeRegistry     : Adding type registration locale -> org.hibernate.type.BasicTypeReference@448086ab
2023-07-15T21:38:15.165-04:00 DEBUG 24059 --- [           main] org.hibernate.type.BasicTypeRegistry     : Adding type registration java.util.Locale -> org.hibernate.type.BasicTypeReference@448086ab
2023-07-15T21:38:15.165-04:00 DEBUG 24059 --- [           main] org.hibernate.type.BasicTypeRegistry     : Adding type registration serializable -> org.hibernate.type.BasicTypeReference@16e907b6
2023-07-15T21:38:15.165-04:00 DEBUG 24059 --- [           main] org.hibernate.type.BasicTypeRegistry     : Adding type registration java.io.Serializable -> org.hibernate.type.BasicTypeReference@16e907b6
2023-07-15T21:38:15.165-04:00 DEBUG 24059 --- [           main] org.hibernate.type.BasicTypeRegistry     : Adding type registration timezone -> org.hibernate.type.BasicTypeReference@6de610c6
2023-07-15T21:38:15.165-04:00 DEBUG 24059 --- [           main] org.hibernate.type.BasicTypeRegistry     : Adding type registration java.util.TimeZone -> org.hibernate.type.BasicTypeReference@6de610c6
2023-07-15T21:38:15.165-04:00 DEBUG 24059 --- [           main] org.hibernate.type.BasicTypeRegistry     : Adding type registration ZoneOffset -> org.hibernate.type.BasicTypeReference@23ec2bdc
2023-07-15T21:38:15.165-04:00 DEBUG 24059 --- [           main] org.hibernate.type.BasicTypeRegistry     : Adding type registration java.time.ZoneOffset -> org.hibernate.type.BasicTypeReference@23ec2bdc
2023-07-15T21:38:15.165-04:00 DEBUG 24059 --- [           main] org.hibernate.type.BasicTypeRegistry     : Adding type registration url -> org.hibernate.type.BasicTypeReference@631944d4
2023-07-15T21:38:15.165-04:00 DEBUG 24059 --- [           main] org.hibernate.type.BasicTypeRegistry     : Adding type registration java.net.URL -> org.hibernate.type.BasicTypeReference@631944d4
2023-07-15T21:38:15.165-04:00 DEBUG 24059 --- [           main] org.hibernate.type.BasicTypeRegistry     : Adding type registration row_version -> org.hibernate.type.BasicTypeReference@3d132bb6
2023-07-15T21:38:15.167-04:00 DEBUG 24059 --- [           main] org.hibernate.type.BasicTypeRegistry     : Adding type registration object -> org.hibernate.type.JavaObjectType@359865a2
2023-07-15T21:38:15.167-04:00 DEBUG 24059 --- [           main] org.hibernate.type.BasicTypeRegistry     : Adding type registration java.lang.Object -> org.hibernate.type.JavaObjectType@359865a2
2023-07-15T21:38:15.168-04:00 DEBUG 24059 --- [           main] org.hibernate.type.BasicTypeRegistry     : Adding type registration null -> org.hibernate.type.NullType@3fe8ad3f
2023-07-15T21:38:15.168-04:00 DEBUG 24059 --- [           main] org.hibernate.type.BasicTypeRegistry     : Adding type registration imm_date -> org.hibernate.type.BasicTypeReference@7462ba4b
2023-07-15T21:38:15.168-04:00 DEBUG 24059 --- [           main] org.hibernate.type.BasicTypeRegistry     : Adding type registration imm_time -> org.hibernate.type.BasicTypeReference@4b09d1c3
2023-07-15T21:38:15.169-04:00 DEBUG 24059 --- [           main] org.hibernate.type.BasicTypeRegistry     : Adding type registration imm_timestamp -> org.hibernate.type.BasicTypeReference@627acb38
2023-07-15T21:38:15.169-04:00 DEBUG 24059 --- [           main] org.hibernate.type.BasicTypeRegistry     : Adding type registration imm_calendar -> org.hibernate.type.BasicTypeReference@32b95de
2023-07-15T21:38:15.169-04:00 DEBUG 24059 --- [           main] org.hibernate.type.BasicTypeRegistry     : Adding type registration imm_calendar_date -> org.hibernate.type.BasicTypeReference@629cbb1
2023-07-15T21:38:15.169-04:00 DEBUG 24059 --- [           main] org.hibernate.type.BasicTypeRegistry     : Adding type registration imm_calendar_time -> org.hibernate.type.BasicTypeReference@165aa43a
2023-07-15T21:38:15.169-04:00 DEBUG 24059 --- [           main] org.hibernate.type.BasicTypeRegistry     : Adding type registration imm_binary -> org.hibernate.type.BasicTypeReference@22cd8ec2
2023-07-15T21:38:15.169-04:00 DEBUG 24059 --- [           main] org.hibernate.type.BasicTypeRegistry     : Adding type registration imm_serializable -> org.hibernate.type.BasicTypeReference@7d977a20
2023-07-15T21:38:15.180-04:00  INFO 24059 --- [           main] o.h.b.i.BytecodeProviderInitiator        : HHH000021: Bytecode provider name : bytebuddy
2023-07-15T21:38:15.184-04:00  INFO 24059 --- [           main] o.s.o.j.p.SpringPersistenceUnitInfo      : No LoadTimeWeaver setup: ignoring JPA class transformer
2023-07-15T21:38:15.195-04:00  INFO 24059 --- [           main] com.zaxxer.hikari.HikariDataSource       : HikariPool-1 - Starting...
2023-07-15T21:38:15.302-04:00  INFO 24059 --- [           main] com.zaxxer.hikari.pool.HikariPool        : HikariPool-1 - Added connection com.mysql.cj.jdbc.ConnectionImpl@42ffbab6
2023-07-15T21:38:15.303-04:00  INFO 24059 --- [           main] com.zaxxer.hikari.HikariDataSource       : HikariPool-1 - Start completed.
2023-07-15T21:38:15.330-04:00  WARN 24059 --- [           main] org.hibernate.orm.deprecation            : HHH90000026: MySQL8Dialect has been deprecated; use org.hibernate.dialect.MySQLDialect instead
2023-07-15T21:38:15.346-04:00 DEBUG 24059 --- [           main] o.h.t.d.sql.spi.DdlTypeRegistry          : addDescriptor(12, org.hibernate.type.descriptor.sql.internal.CapacityDependentDdlType@17ec5e2a) replaced previous registration(org.hibernate.type.descriptor.sql.internal.CapacityDependentDdlType@52290e63)
2023-07-15T21:38:15.346-04:00 DEBUG 24059 --- [           main] o.h.t.d.sql.spi.DdlTypeRegistry          : addDescriptor(-9, org.hibernate.type.descriptor.sql.internal.CapacityDependentDdlType@6c2dd88b) replaced previous registration(org.hibernate.type.descriptor.sql.internal.CapacityDependentDdlType@49d979c4)
2023-07-15T21:38:15.346-04:00 DEBUG 24059 --- [           main] o.h.t.d.sql.spi.DdlTypeRegistry          : addDescriptor(-3, org.hibernate.type.descriptor.sql.internal.CapacityDependentDdlType@3cb173db) replaced previous registration(org.hibernate.type.descriptor.sql.internal.CapacityDependentDdlType@26712838)
2023-07-15T21:38:15.346-04:00 DEBUG 24059 --- [           main] o.h.t.d.sql.spi.DdlTypeRegistry          : addDescriptor(4003, org.hibernate.type.descriptor.sql.internal.DdlTypeImpl@249a45fd) replaced previous registration(org.hibernate.type.descriptor.sql.internal.DdlTypeImpl@268f0ff3)
2023-07-15T21:38:15.346-04:00 DEBUG 24059 --- [           main] o.h.t.d.sql.spi.DdlTypeRegistry          : addDescriptor(4001, org.hibernate.type.descriptor.sql.internal.DdlTypeImpl@11978f52) replaced previous registration(org.hibernate.type.descriptor.sql.internal.DdlTypeImpl@3e0855b0)
2023-07-15T21:38:15.347-04:00 DEBUG 24059 --- [           main] o.h.t.d.sql.spi.DdlTypeRegistry          : addDescriptor(4002, org.hibernate.type.descriptor.sql.internal.DdlTypeImpl@484b5a21) replaced previous registration(org.hibernate.type.descriptor.sql.internal.DdlTypeImpl@16e5344c)
2023-07-15T21:38:15.347-04:00 DEBUG 24059 --- [           main] o.h.t.d.sql.spi.DdlTypeRegistry          : addDescriptor(2004, org.hibernate.type.descriptor.sql.internal.CapacityDependentDdlType@3ba5c4dd) replaced previous registration(org.hibernate.type.descriptor.sql.internal.DdlTypeImpl@47fca3cc)
2023-07-15T21:38:15.347-04:00 DEBUG 24059 --- [           main] o.h.t.d.sql.spi.DdlTypeRegistry          : addDescriptor(2005, org.hibernate.type.descriptor.sql.internal.CapacityDependentDdlType@55746340) replaced previous registration(org.hibernate.type.descriptor.sql.internal.DdlTypeImpl@6a0c7af6)
2023-07-15T21:38:15.347-04:00 DEBUG 24059 --- [           main] o.h.t.d.sql.spi.DdlTypeRegistry          : addDescriptor(2011, org.hibernate.type.descriptor.sql.internal.CapacityDependentDdlType@7f1ad846) replaced previous registration(org.hibernate.type.descriptor.sql.internal.DdlTypeImpl@5d5ae6aa)
2023-07-15T21:38:15.347-04:00 DEBUG 24059 --- [           main] o.h.t.d.jdbc.spi.JdbcTypeRegistry        : addDescriptor(NCharTypeDescriptor) replaced previous registration(CharTypeDescriptor)
2023-07-15T21:38:15.347-04:00 DEBUG 24059 --- [           main] o.h.t.d.jdbc.spi.JdbcTypeRegistry        : addDescriptor(NVarcharTypeDescriptor) replaced previous registration(VarcharTypeDescriptor)
2023-07-15T21:38:15.347-04:00 DEBUG 24059 --- [           main] o.h.t.d.jdbc.spi.JdbcTypeRegistry        : addDescriptor(LongNVarcharTypeDescriptor) replaced previous registration(LongVarcharTypeDescriptor)
2023-07-15T21:38:15.348-04:00 DEBUG 24059 --- [           main] o.h.t.d.jdbc.spi.JdbcTypeRegistry        : addDescriptor(NClobTypeDescriptor(DEFAULT)) replaced previous registration(ClobTypeDescriptor(DEFAULT))
2023-07-15T21:38:15.348-04:00 DEBUG 24059 --- [           main] o.h.t.d.jdbc.spi.JdbcTypeRegistry        : addDescriptor(2005, ClobTypeDescriptor(STREAM_BINDING)) replaced previous registration(ClobTypeDescriptor(DEFAULT))
2023-07-15T21:38:15.349-04:00 DEBUG 24059 --- [           main] org.hibernate.type.BasicTypeRegistry     : Adding type registration null -> org.hibernate.type.NullType@5c9b5e62
2023-07-15T21:38:15.349-04:00 DEBUG 24059 --- [           main] org.hibernate.type.BasicTypeRegistry     : Type registration key [null] overrode previous entry : `org.hibernate.type.NullType@3fe8ad3f`
2023-07-15T21:38:15.351-04:00 DEBUG 24059 --- [           main] org.hibernate.type.BasicTypeRegistry     : Adding type registration org.hibernate.type.OffsetDateTimeType -> basicType@1(java.time.OffsetDateTime,3003)
2023-07-15T21:38:15.352-04:00 DEBUG 24059 --- [           main] org.hibernate.type.BasicTypeRegistry     : Adding type registration OffsetDateTime -> basicType@1(java.time.OffsetDateTime,3003)
2023-07-15T21:38:15.352-04:00 DEBUG 24059 --- [           main] org.hibernate.type.BasicTypeRegistry     : Adding type registration java.time.OffsetDateTime -> basicType@1(java.time.OffsetDateTime,3003)
2023-07-15T21:38:15.352-04:00 DEBUG 24059 --- [           main] org.hibernate.type.BasicTypeRegistry     : Adding type registration org.hibernate.type.ZonedDateTimeType -> basicType@2(java.time.ZonedDateTime,3003)
2023-07-15T21:38:15.352-04:00 DEBUG 24059 --- [           main] org.hibernate.type.BasicTypeRegistry     : Adding type registration ZonedDateTime -> basicType@2(java.time.ZonedDateTime,3003)
2023-07-15T21:38:15.352-04:00 DEBUG 24059 --- [           main] org.hibernate.type.BasicTypeRegistry     : Adding type registration java.time.ZonedDateTime -> basicType@2(java.time.ZonedDateTime,3003)
2023-07-15T21:38:15.352-04:00 DEBUG 24059 --- [           main] org.hibernate.type.BasicTypeRegistry     : Adding type registration org.hibernate.type.OffsetTimeType -> basicType@3(java.time.OffsetTime,3007)
2023-07-15T21:38:15.352-04:00 DEBUG 24059 --- [           main] org.hibernate.type.BasicTypeRegistry     : Adding type registration OffsetTime -> basicType@3(java.time.OffsetTime,3007)
2023-07-15T21:38:15.352-04:00 DEBUG 24059 --- [           main] org.hibernate.type.BasicTypeRegistry     : Adding type registration java.time.OffsetTime -> basicType@3(java.time.OffsetTime,3007)
2023-07-15T21:38:15.353-04:00 DEBUG 24059 --- [           main] o.h.type.spi.TypeConfiguration$Scope     : Scoping TypeConfiguration [org.hibernate.type.spi.TypeConfiguration@534fc1f7] to MetadataBuildingContext [org.hibernate.boot.internal.MetadataBuildingContextRootImpl@7d5a0b14]
2023-07-15T21:38:15.423-04:00  WARN 24059 --- [           main] o.h.boot.model.internal.EntityBinder     : HHH000139: Illegal use of @Table in a subclass of a SINGLE_TABLE hierarchy: com.buffettinc.hrms.model.employee.Accountant
2023-07-15T21:38:15.425-04:00  WARN 24059 --- [           main] o.h.boot.model.internal.EntityBinder     : HHH000139: Illegal use of @Table in a subclass of a SINGLE_TABLE hierarchy: com.buffettinc.hrms.model.employee.HRStaff
2023-07-15T21:38:15.427-04:00  WARN 24059 --- [           main] o.h.boot.model.internal.EntityBinder     : HHH000139: Illegal use of @Table in a subclass of a SINGLE_TABLE hierarchy: com.buffettinc.hrms.model.employee.Manager
2023-07-15T21:38:15.516-04:00  INFO 24059 --- [           main] o.h.b.i.BytecodeProviderInitiator        : HHH000021: Bytecode provider name : bytebuddy
2023-07-15T21:38:15.926-04:00  INFO 24059 --- [           main] o.h.e.t.j.p.i.JtaPlatformInitiator       : HHH000490: Using JtaPlatform implementation: [org.hibernate.engine.transaction.jta.platform.internal.NoJtaPlatform]
2023-07-15T21:38:15.926-04:00 DEBUG 24059 --- [           main] o.h.type.spi.TypeConfiguration$Scope     : Scoping TypeConfiguration [org.hibernate.type.spi.TypeConfiguration@534fc1f7] to SessionFactoryImplementor [org.hibernate.internal.SessionFactoryImpl@43e9a8a2]
2023-07-15T21:38:15.966-04:00 DEBUG 24059 --- [           main] org.hibernate.SQL                        : alter table message modify column timestamp  datetime(6)
Hibernate: alter table message modify column timestamp  datetime(6)
2023-07-15T21:38:15.997-04:00 DEBUG 24059 --- [           main] org.hibernate.SQL                        : alter table notification modify column timestamp  datetime(6)
Hibernate: alter table notification modify column timestamp  datetime(6)
2023-07-15T21:38:16.001-04:00 DEBUG 24059 --- [           main] org.hibernate.SQL                        : alter table payment modify column amount  float(23)
Hibernate: alter table payment modify column amount  float(23)
2023-07-15T21:38:16.015-04:00 DEBUG 24059 --- [           main] org.hibernate.SQL                        : alter table payroll modify column hourly_rate  float(23)
Hibernate: alter table payroll modify column hourly_rate  float(23)
2023-07-15T21:38:16.021-04:00 DEBUG 24059 --- [           main] org.hibernate.SQL                        : alter table ptobalance modify column personal  float(23)
Hibernate: alter table ptobalance modify column personal  float(23)
2023-07-15T21:38:16.025-04:00 DEBUG 24059 --- [           main] org.hibernate.SQL                        : alter table ptobalance modify column sick  float(23)
Hibernate: alter table ptobalance modify column sick  float(23)
2023-07-15T21:38:16.030-04:00 DEBUG 24059 --- [           main] org.hibernate.SQL                        : alter table ptobalance modify column vacation  float(23)
Hibernate: alter table ptobalance modify column vacation  float(23)
2023-07-15T21:38:16.035-04:00 DEBUG 24059 --- [           main] org.hibernate.SQL                        : alter table shift_entry modify column end  datetime(6)
Hibernate: alter table shift_entry modify column end  datetime(6)
2023-07-15T21:38:16.038-04:00 DEBUG 24059 --- [           main] org.hibernate.SQL                        : alter table shift_entry modify column start  datetime(6)
Hibernate: alter table shift_entry modify column start  datetime(6)
2023-07-15T21:38:16.118-04:00 TRACE 24059 --- [           main] o.h.type.spi.TypeConfiguration$Scope     : Handling #sessionFactoryCreated from [org.hibernate.internal.SessionFactoryImpl@43e9a8a2] for TypeConfiguration
2023-07-15T21:38:16.119-04:00  INFO 24059 --- [           main] j.LocalContainerEntityManagerFactoryBean : Initialized JPA EntityManagerFactory for persistence unit 'default'
2023-07-15T21:38:16.594-04:00  WARN 24059 --- [           main] JpaBaseConfiguration$JpaWebConfiguration : spring.jpa.open-in-view is enabled by default. Therefore, database queries may be performed during view rendering. Explicitly configure spring.jpa.open-in-view to disable this warning
2023-07-15T21:38:16.679-04:00  INFO 24059 --- [           main] o.s.b.a.w.s.WelcomePageHandlerMapping    : Adding welcome page template: index
2023-07-15T21:38:16.797-04:00  WARN 24059 --- [           main] .s.s.UserDetailsServiceAutoConfiguration : 

Using generated security password: c764c468-90c5-4a8e-8cd0-e86d9267d414

This generated password is for development use only. Your security configuration must be updated before running your application in production.

2023-07-15T21:38:16.852-04:00  INFO 24059 --- [           main] o.s.s.web.DefaultSecurityFilterChain     : Will secure any request with [org.springframework.security.web.session.DisableEncodeUrlFilter@34dc40d5, org.springframework.security.web.context.request.async.WebAsyncManagerIntegrationFilter@11f81488, org.springframework.security.web.context.SecurityContextHolderFilter@5a4a8a33, org.springframework.security.web.header.HeaderWriterFilter@36b4cbb8, org.springframework.security.web.csrf.CsrfFilter@deb0c0e, org.springframework.security.web.authentication.logout.LogoutFilter@22071f0, org.springframework.security.web.authentication.UsernamePasswordAuthenticationFilter@14cf30b3, org.springframework.security.web.authentication.ui.DefaultLoginPageGeneratingFilter@1ccdc8c8, org.springframework.security.web.authentication.ui.DefaultLogoutPageGeneratingFilter@61a7930e, org.springframework.security.web.authentication.www.BasicAuthenticationFilter@4addfb95, org.springframework.security.web.savedrequest.RequestCacheAwareFilter@63cf6497, org.springframework.security.web.servletapi.SecurityContextHolderAwareRequestFilter@7b88dd58, org.springframework.security.web.authentication.AnonymousAuthenticationFilter@60eacbbf, org.springframework.security.web.access.ExceptionTranslationFilter@c521a79, org.springframework.security.web.access.intercept.AuthorizationFilter@7b6d88d1]
2023-07-15T21:38:16.877-04:00  INFO 24059 --- [           main] c.buffettinc.hrms.HrmsApplicationTests   : Started HrmsApplicationTests in 2.595 seconds (process running for 3.736)
]]></system-out>
  </testcase>
</testsuite>